[2018-03-07 11:44:54.202] [jointLog] [info] parsing read library format
[2018-03-07 11:44:54.202] [jointLog] [info] There is 1 library.
[2018-03-07 11:44:54.436] [jointLog] [info] Loading Quasi index
[2018-03-07 11:44:54.437] [jointLog] [info] Loading 32-bit quasi index
[2018-03-07 11:45:02.357] [jointLog] [info] done
[2018-03-07 11:45:02.357] [jointLog] [info] Index contained 350264 targets
[2018-03-07 11:47:42.326] [fileLog] [info] 
At end of round 0
==================
Observed 8855149 total fragments (8855149 in most recent round)

[2018-03-07 11:47:42.325] [jointLog] [info] Computed 271250 rich equivalence classes for further processing
[2018-03-07 11:47:42.325] [jointLog] [info] Counted 7466956 total reads in the equivalence classes 
[2018-03-07 11:47:42.343] [jointLog] [warning] 0.000846965% of fragments were shorter than the k used to build the index (31).
If this fraction is too large, consider re-building the index with a smaller k.
The minimum read size found was 25.


[2018-03-07 11:47:42.343] [jointLog] [info] Mapping rate = 84.3233%

[2018-03-07 11:47:42.343] [jointLog] [info] finished quantifyLibrary()
[2018-03-07 11:47:42.531] [jointLog] [info] Starting optimizer
[2018-03-07 11:47:42.844] [jointLog] [info] Marked 0 weighted equivalence classes as degenerate
[2018-03-07 11:47:42.854] [jointLog] [info] iteration = 0 | max rel diff. = 20.8968
[2018-03-07 11:47:43.829] [jointLog] [info] iteration = 100 | max rel diff. = 0.125237
[2018-03-07 11:47:44.733] [jointLog] [info] iteration = 200 | max rel diff. = 0.0938299
[2018-03-07 11:47:45.646] [jointLog] [info] iteration = 300 | max rel diff. = 0.0384755
[2018-03-07 11:47:46.583] [jointLog] [info] iteration = 400 | max rel diff. = 0.0356639
[2018-03-07 11:47:47.526] [jointLog] [info] iteration = 500 | max rel diff. = 0.0250467
[2018-03-07 11:47:48.560] [jointLog] [info] iteration = 600 | max rel diff. = 0.0227263
[2018-03-07 11:47:49.451] [jointLog] [info] iteration = 700 | max rel diff. = 0.0181021
[2018-03-07 11:47:50.374] [jointLog] [info] iteration = 800 | max rel diff. = 0.0213192
[2018-03-07 11:47:51.429] [jointLog] [info] iteration = 900 | max rel diff. = 0.0179213
[2018-03-07 11:47:52.340] [jointLog] [info] iteration = 1000 | max rel diff. = 0.0123287
[2018-03-07 11:47:53.249] [jointLog] [info] iteration = 1100 | max rel diff. = 0.0138667
[2018-03-07 11:47:53.611] [jointLog] [info] iteration = 1141 | max rel diff. = 0.009892
[2018-03-07 11:47:53.656] [jointLog] [info] Finished optimizer
[2018-03-07 11:47:53.656] [jointLog] [info] writing output 

