[2018-03-07 12:09:09.295] [jointLog] [info] parsing read library format
[2018-03-07 12:09:09.295] [jointLog] [info] There is 1 library.
[2018-03-07 12:09:09.402] [jointLog] [info] Loading Quasi index
[2018-03-07 12:09:09.403] [jointLog] [info] Loading 32-bit quasi index
[2018-03-07 12:09:23.302] [jointLog] [info] done
[2018-03-07 12:09:23.302] [jointLog] [info] Index contained 501215 targets
[2018-03-07 12:12:07.284] [fileLog] [info] 
At end of round 0
==================
Observed 15696919 total fragments (15696919 in most recent round)

[2018-03-07 12:12:07.284] [jointLog] [info] Computed 356052 rich equivalence classes for further processing
[2018-03-07 12:12:07.284] [jointLog] [info] Counted 13410871 total reads in the equivalence classes 
[2018-03-07 12:12:07.411] [jointLog] [warning] 0.000254827% of fragments were shorter than the k used to build the index (31).
If this fraction is too large, consider re-building the index with a smaller k.
The minimum read size found was 25.


[2018-03-07 12:12:07.411] [jointLog] [info] Mapping rate = 85.4363%

[2018-03-07 12:12:07.411] [jointLog] [info] finished quantifyLibrary()
[2018-03-07 12:12:07.443] [jointLog] [info] Starting optimizer
[2018-03-07 12:12:07.755] [jointLog] [info] Marked 0 weighted equivalence classes as degenerate
[2018-03-07 12:12:07.768] [jointLog] [info] iteration = 0 | max rel diff. = 14.0437
[2018-03-07 12:12:09.383] [jointLog] [info] iteration = 100 | max rel diff. = 0.1034
[2018-03-07 12:12:11.012] [jointLog] [info] iteration = 200 | max rel diff. = 0.099247
[2018-03-07 12:12:12.650] [jointLog] [info] iteration = 300 | max rel diff. = 0.0454191
[2018-03-07 12:12:14.343] [jointLog] [info] iteration = 400 | max rel diff. = 0.0311885
[2018-03-07 12:12:15.986] [jointLog] [info] iteration = 500 | max rel diff. = 0.0297957
[2018-03-07 12:12:17.660] [jointLog] [info] iteration = 600 | max rel diff. = 0.0216573
[2018-03-07 12:12:19.318] [jointLog] [info] iteration = 700 | max rel diff. = 0.0180017
[2018-03-07 12:12:20.965] [jointLog] [info] iteration = 800 | max rel diff. = 0.0155359
[2018-03-07 12:12:22.609] [jointLog] [info] iteration = 900 | max rel diff. = 0.0183297
[2018-03-07 12:12:24.249] [jointLog] [info] iteration = 1000 | max rel diff. = 0.0160975
[2018-03-07 12:12:25.902] [jointLog] [info] iteration = 1100 | max rel diff. = 0.0262195
[2018-03-07 12:12:27.537] [jointLog] [info] iteration = 1200 | max rel diff. = 0.0154213
[2018-03-07 12:12:29.034] [jointLog] [info] iteration = 1292 | max rel diff. = 0.00992139
[2018-03-07 12:12:29.121] [jointLog] [info] Finished optimizer
[2018-03-07 12:12:29.121] [jointLog] [info] writing output 

