[2018-02-28 11:26:17.893] [jointLog] [info] parsing read library format
[2018-02-28 11:26:17.893] [jointLog] [info] There is 1 library.
[2018-02-28 11:26:18.003] [jointLog] [info] Loading Quasi index
[2018-02-28 11:37:36.515] [jointLog] [info] parsing read library format
[2018-02-28 11:37:36.516] [jointLog] [info] There is 1 library.
[2018-02-28 11:37:36.611] [jointLog] [info] Loading Quasi index
[2018-02-28 11:37:36.611] [jointLog] [info] Loading 32-bit quasi index
[2018-02-28 11:38:15.662] [jointLog] [info] done
[2018-02-28 11:38:15.662] [jointLog] [info] Index contained 109997 targets
[2018-02-28 11:50:30.208] [jointLog] [info] Computed 204598 rich equivalence classes for further processing
[2018-02-28 11:50:30.208] [jointLog] [info] Counted 8120842 total reads in the equivalence classes 
[2018-02-28 11:50:30.224] [jointLog] [warning] 0.000686768% of fragments were shorter than the k used to build the index (31).
If this fraction is too large, consider re-building the index with a smaller k.
The minimum read size found was 25.


[2018-02-28 11:50:30.224] [jointLog] [info] Mapping rate = 60.6211%

[2018-02-28 11:50:30.224] [jointLog] [info] finished quantifyLibrary()
[2018-02-28 11:50:30.224] [jointLog] [info] Starting optimizer
[2018-02-28 11:50:30.208] [fileLog] [info] 
At end of round 0
==================
Observed 13396073 total fragments (13396073 in most recent round)

[2018-02-28 11:50:30.507] [jointLog] [info] Marked 0 weighted equivalence classes as degenerate
[2018-02-28 11:50:30.513] [jointLog] [info] iteration = 0 | max rel diff. = 80.8937
[2018-02-28 11:50:31.000] [jointLog] [info] iteration = 100 | max rel diff. = 0.102485
[2018-02-28 11:50:31.484] [jointLog] [info] iteration = 200 | max rel diff. = 0.0503213
[2018-02-28 11:50:31.971] [jointLog] [info] iteration = 300 | max rel diff. = 0.0349858
[2018-02-28 11:50:32.456] [jointLog] [info] iteration = 400 | max rel diff. = 0.023014
[2018-02-28 11:50:32.944] [jointLog] [info] iteration = 500 | max rel diff. = 0.0204295
[2018-02-28 11:50:33.425] [jointLog] [info] iteration = 600 | max rel diff. = 0.0181574
[2018-02-28 11:50:33.907] [jointLog] [info] iteration = 700 | max rel diff. = 0.0181574
[2018-02-28 11:50:34.393] [jointLog] [info] iteration = 800 | max rel diff. = 0.0119756
[2018-02-28 11:50:34.881] [jointLog] [info] iteration = 900 | max rel diff. = 0.0115752
[2018-02-28 11:50:35.379] [jointLog] [info] iteration = 1000 | max rel diff. = 0.0102891
[2018-02-28 11:50:35.441] [jointLog] [info] iteration = 1014 | max rel diff. = 0.00957867
[2018-02-28 11:50:35.457] [jointLog] [info] Finished optimizer
[2018-02-28 11:50:35.457] [jointLog] [info] writing output 

