[2018-03-07 11:41:37.841] [jointLog] [info] parsing read library format
[2018-03-07 11:41:37.841] [jointLog] [info] There is 1 library.
[2018-03-07 11:41:37.929] [jointLog] [info] Loading Quasi index
[2018-03-07 11:41:37.930] [jointLog] [info] Loading 32-bit quasi index
[2018-03-07 11:41:45.403] [jointLog] [info] done
[2018-03-07 11:41:45.403] [jointLog] [info] Index contained 385474 targets
[2018-03-07 11:44:40.688] [fileLog] [info] 
At end of round 0
==================
Observed 11530569 total fragments (11530569 in most recent round)

[2018-03-07 11:44:40.687] [jointLog] [info] Computed 330152 rich equivalence classes for further processing
[2018-03-07 11:44:40.687] [jointLog] [info] Counted 9436830 total reads in the equivalence classes 
[2018-03-07 11:44:40.696] [jointLog] [warning] 0.00190797% of fragments were shorter than the k used to build the index (31).
If this fraction is too large, consider re-building the index with a smaller k.
The minimum read size found was 25.


[2018-03-07 11:44:40.696] [jointLog] [info] Mapping rate = 81.8418%

[2018-03-07 11:44:40.696] [jointLog] [info] finished quantifyLibrary()
[2018-03-07 11:44:40.697] [jointLog] [info] Starting optimizer
[2018-03-07 11:44:40.940] [jointLog] [info] Marked 0 weighted equivalence classes as degenerate
[2018-03-07 11:44:40.949] [jointLog] [info] iteration = 0 | max rel diff. = 23.2659
[2018-03-07 11:44:41.989] [jointLog] [info] iteration = 100 | max rel diff. = 0.106483
[2018-03-07 11:44:43.083] [jointLog] [info] iteration = 200 | max rel diff. = 0.056141
[2018-03-07 11:44:44.152] [jointLog] [info] iteration = 300 | max rel diff. = 0.0502807
[2018-03-07 11:44:45.223] [jointLog] [info] iteration = 400 | max rel diff. = 0.0254831
[2018-03-07 11:44:46.306] [jointLog] [info] iteration = 500 | max rel diff. = 0.0231298
[2018-03-07 11:44:47.326] [jointLog] [info] iteration = 600 | max rel diff. = 0.016088
[2018-03-07 11:44:48.326] [jointLog] [info] iteration = 700 | max rel diff. = 0.0150968
[2018-03-07 11:44:49.333] [jointLog] [info] iteration = 800 | max rel diff. = 0.0135167
[2018-03-07 11:44:50.399] [jointLog] [info] iteration = 900 | max rel diff. = 0.0135168
[2018-03-07 11:44:51.409] [jointLog] [info] iteration = 1000 | max rel diff. = 0.0105837
[2018-03-07 11:44:52.424] [jointLog] [info] iteration = 1100 | max rel diff. = 0.0102042
[2018-03-07 11:44:53.422] [jointLog] [info] iteration = 1200 | max rel diff. = 0.0102042
[2018-03-07 11:44:54.586] [jointLog] [info] iteration = 1300 | max rel diff. = 0.0102042
[2018-03-07 11:44:55.086] [jointLog] [info] iteration = 1343 | max rel diff. = 0.00760054
[2018-03-07 11:44:55.145] [jointLog] [info] Finished optimizer
[2018-03-07 11:44:55.145] [jointLog] [info] writing output 

