[2018-02-28 11:22:50.461] [jointLog] [info] parsing read library format
[2018-02-28 11:22:50.461] [jointLog] [info] There is 1 library.
[2018-02-28 11:26:17.889] [jointLog] [info] parsing read library format
[2018-02-28 11:26:17.890] [jointLog] [info] There is 1 library.
[2018-02-28 11:26:17.937] [jointLog] [info] Loading Quasi index
[2018-02-28 11:35:58.262] [jointLog] [info] parsing read library format
[2018-02-28 11:35:58.262] [jointLog] [info] There is 1 library.
[2018-02-28 11:57:17.149] [jointLog] [info] parsing read library format
[2018-02-28 11:57:17.149] [jointLog] [info] There is 1 library.
[2018-02-28 11:57:17.232] [jointLog] [info] Loading Quasi index
[2018-02-28 11:57:17.233] [jointLog] [info] Loading 32-bit quasi index
[2018-02-28 11:57:22.360] [jointLog] [info] done
[2018-02-28 11:57:22.360] [jointLog] [info] Index contained 109997 targets
[2018-02-28 12:11:32.051] [jointLog] [info] Computed 184704 rich equivalence classes for further processing
[2018-02-28 12:11:32.051] [jointLog] [info] Counted 5518037 total reads in the equivalence classes 
[2018-02-28 12:11:32.062] [jointLog] [warning] 0.000931709% of fragments were shorter than the k used to build the index (31).
If this fraction is too large, consider re-building the index with a smaller k.
The minimum read size found was 25.


[2018-02-28 12:11:32.062] [jointLog] [info] Mapping rate = 51.412%

[2018-02-28 12:11:32.062] [jointLog] [info] finished quantifyLibrary()
[2018-02-28 12:11:32.063] [jointLog] [info] Starting optimizer
[2018-02-28 12:11:32.151] [jointLog] [info] Marked 0 weighted equivalence classes as degenerate
[2018-02-28 12:11:32.156] [jointLog] [info] iteration = 0 | max rel diff. = 66.2513
[2018-02-28 12:11:32.052] [fileLog] [info] 
At end of round 0
==================
Observed 10732969 total fragments (10732969 in most recent round)

[2018-02-28 12:11:32.647] [jointLog] [info] iteration = 100 | max rel diff. = 0.105341
[2018-02-28 12:11:33.129] [jointLog] [info] iteration = 200 | max rel diff. = 0.0506377
[2018-02-28 12:11:33.609] [jointLog] [info] iteration = 300 | max rel diff. = 0.0325041
[2018-02-28 12:11:34.099] [jointLog] [info] iteration = 400 | max rel diff. = 0.0237385
[2018-02-28 12:11:34.583] [jointLog] [info] iteration = 500 | max rel diff. = 0.0202125
[2018-02-28 12:11:35.079] [jointLog] [info] iteration = 600 | max rel diff. = 0.0159048
[2018-02-28 12:11:35.569] [jointLog] [info] iteration = 700 | max rel diff. = 0.0141523
[2018-02-28 12:11:36.054] [jointLog] [info] iteration = 800 | max rel diff. = 0.0135003
[2018-02-28 12:11:36.610] [jointLog] [info] iteration = 900 | max rel diff. = 0.0105828
[2018-02-28 12:11:36.830] [jointLog] [info] iteration = 941 | max rel diff. = 0.00972479
[2018-02-28 12:11:36.855] [jointLog] [info] Finished optimizer
[2018-02-28 12:11:36.855] [jointLog] [info] writing output 

