[2018-03-07 11:32:03.182] [jointLog] [info] parsing read library format
[2018-03-07 11:32:03.182] [jointLog] [info] There is 1 library.
[2018-03-07 11:32:03.258] [jointLog] [info] Loading Quasi index
[2018-03-07 11:32:03.258] [jointLog] [info] Loading 32-bit quasi index
[2018-03-07 11:32:11.155] [jointLog] [info] done
[2018-03-07 11:32:11.155] [jointLog] [info] Index contained 396398 targets
[2018-03-07 11:36:06.483] [jointLog] [info] Computed 345074 rich equivalence classes for further processing
[2018-03-07 11:36:06.483] [jointLog] [info] Counted 13113533 total reads in the equivalence classes 
[2018-03-07 11:36:06.503] [jointLog] [warning] 0.000280002% of fragments were shorter than the k used to build the index (31).
If this fraction is too large, consider re-building the index with a smaller k.
The minimum read size found was 25.


[2018-03-07 11:36:06.503] [jointLog] [info] Mapping rate = 85.3911%

[2018-03-07 11:36:06.503] [jointLog] [info] finished quantifyLibrary()
[2018-03-07 11:36:06.504] [jointLog] [info] Starting optimizer
[2018-03-07 11:36:06.484] [fileLog] [info] 
At end of round 0
==================
Observed 15357025 total fragments (15357025 in most recent round)

[2018-03-07 11:36:08.043] [jointLog] [info] Marked 0 weighted equivalence classes as degenerate
[2018-03-07 11:36:08.055] [jointLog] [info] iteration = 0 | max rel diff. = 18.9563
[2018-03-07 11:36:09.315] [jointLog] [info] iteration = 100 | max rel diff. = 0.176758
[2018-03-07 11:36:10.592] [jointLog] [info] iteration = 200 | max rel diff. = 0.0621378
[2018-03-07 11:36:11.852] [jointLog] [info] iteration = 300 | max rel diff. = 0.0434145
[2018-03-07 11:36:13.112] [jointLog] [info] iteration = 400 | max rel diff. = 0.035667
[2018-03-07 11:36:14.360] [jointLog] [info] iteration = 500 | max rel diff. = 0.0292132
[2018-03-07 11:36:15.676] [jointLog] [info] iteration = 600 | max rel diff. = 0.0207869
[2018-03-07 11:36:17.013] [jointLog] [info] iteration = 700 | max rel diff. = 0.0172267
[2018-03-07 11:36:18.285] [jointLog] [info] iteration = 800 | max rel diff. = 0.0168511
[2018-03-07 11:36:19.549] [jointLog] [info] iteration = 900 | max rel diff. = 0.0162538
[2018-03-07 11:36:20.829] [jointLog] [info] iteration = 1000 | max rel diff. = 0.0151286
[2018-03-07 11:36:22.117] [jointLog] [info] iteration = 1100 | max rel diff. = 0.0107809
[2018-03-07 11:36:23.387] [jointLog] [info] iteration = 1200 | max rel diff. = 0.0118134
[2018-03-07 11:36:24.727] [jointLog] [info] iteration = 1300 | max rel diff. = 0.0142983
[2018-03-07 11:36:25.263] [jointLog] [info] iteration = 1341 | max rel diff. = 0.0079136
[2018-03-07 11:36:25.313] [jointLog] [info] Finished optimizer
[2018-03-07 11:36:25.313] [jointLog] [info] writing output 

