[2018-02-28 11:22:53.552] [jointLog] [info] parsing read library format
[2018-02-28 11:22:53.552] [jointLog] [info] There is 1 library.
[2018-02-28 11:26:19.123] [jointLog] [info] parsing read library format
[2018-02-28 11:26:19.123] [jointLog] [info] There is 1 library.
[2018-02-28 11:26:19.228] [jointLog] [info] Loading Quasi index
[2018-02-28 11:35:58.724] [jointLog] [info] parsing read library format
[2018-02-28 11:35:58.724] [jointLog] [info] There is 1 library.
[2018-02-28 11:58:42.723] [jointLog] [info] parsing read library format
[2018-02-28 11:58:42.723] [jointLog] [info] There is 1 library.
[2018-02-28 11:58:42.818] [jointLog] [info] Loading Quasi index
[2018-02-28 11:58:42.818] [jointLog] [info] Loading 32-bit quasi index
[2018-02-28 11:58:47.611] [jointLog] [info] done
[2018-02-28 11:58:47.611] [jointLog] [info] Index contained 109997 targets
[2018-02-28 12:03:54.248] [jointLog] [info] Computed 255382 rich equivalence classes for further processing
[2018-02-28 12:03:54.248] [jointLog] [info] Counted 11656576 total reads in the equivalence classes 
[2018-02-28 12:03:54.263] [jointLog] [warning] 0.000909285% of fragments were shorter than the k used to build the index (31).
If this fraction is too large, consider re-building the index with a smaller k.
The minimum read size found was 25.


[2018-02-28 12:03:54.263] [jointLog] [info] Mapping rate = 63.8503%

[2018-02-28 12:03:54.263] [jointLog] [info] finished quantifyLibrary()
[2018-02-28 12:03:54.265] [jointLog] [info] Starting optimizer
[2018-02-28 12:03:54.364] [jointLog] [info] Marked 0 weighted equivalence classes as degenerate
[2018-02-28 12:03:54.371] [jointLog] [info] iteration = 0 | max rel diff. = 110.54
[2018-02-28 12:03:54.248] [fileLog] [info] 
At end of round 0
==================
Observed 18256103 total fragments (18256103 in most recent round)

[2018-02-28 12:03:54.934] [jointLog] [info] iteration = 100 | max rel diff. = 0.102355
[2018-02-28 12:03:55.501] [jointLog] [info] iteration = 200 | max rel diff. = 0.0488924
[2018-02-28 12:03:56.069] [jointLog] [info] iteration = 300 | max rel diff. = 0.030901
[2018-02-28 12:03:56.632] [jointLog] [info] iteration = 400 | max rel diff. = 0.0273152
[2018-02-28 12:03:57.194] [jointLog] [info] iteration = 500 | max rel diff. = 0.0190549
[2018-02-28 12:03:57.755] [jointLog] [info] iteration = 600 | max rel diff. = 0.017183
[2018-02-28 12:03:58.366] [jointLog] [info] iteration = 700 | max rel diff. = 0.0158738
[2018-02-28 12:03:58.973] [jointLog] [info] iteration = 800 | max rel diff. = 0.0111907
[2018-02-28 12:03:59.545] [jointLog] [info] iteration = 900 | max rel diff. = 0.0109106
[2018-02-28 12:03:59.821] [jointLog] [info] iteration = 949 | max rel diff. = 0.00885392
[2018-02-28 12:03:59.841] [jointLog] [info] Finished optimizer
[2018-02-28 12:03:59.841] [jointLog] [info] writing output 

