[2018-03-07 11:54:10.401] [jointLog] [info] parsing read library format
[2018-03-07 11:54:10.401] [jointLog] [info] There is 1 library.
[2018-03-07 11:54:10.509] [jointLog] [info] Loading Quasi index
[2018-03-07 11:54:10.512] [jointLog] [info] Loading 32-bit quasi index
[2018-03-07 11:54:21.956] [jointLog] [info] done
[2018-03-07 11:54:21.956] [jointLog] [info] Index contained 668484 targets
[2018-03-07 11:56:45.672] [jointLog] [info] Computed 514626 rich equivalence classes for further processing
[2018-03-07 11:56:45.672] [jointLog] [info] Counted 6555659 total reads in the equivalence classes 
[2018-03-07 11:56:45.691] [jointLog] [warning] 0.000704768% of fragments were shorter than the k used to build the index (31).
If this fraction is too large, consider re-building the index with a smaller k.
The minimum read size found was 25.


[2018-03-07 11:56:45.691] [jointLog] [info] Mapping rate = 70.0033%

[2018-03-07 11:56:45.691] [jointLog] [info] finished quantifyLibrary()
[2018-03-07 11:56:45.694] [jointLog] [info] Starting optimizer
[2018-03-07 11:56:45.673] [fileLog] [info] 
At end of round 0
==================
Observed 9364787 total fragments (9364787 in most recent round)

[2018-03-07 11:56:46.368] [jointLog] [info] Marked 0 weighted equivalence classes as degenerate
[2018-03-07 11:56:46.383] [jointLog] [info] iteration = 0 | max rel diff. = 5.06508
[2018-03-07 11:56:48.156] [jointLog] [info] iteration = 100 | max rel diff. = 0.111427
[2018-03-07 11:56:50.150] [jointLog] [info] iteration = 200 | max rel diff. = 0.048243
[2018-03-07 11:56:51.955] [jointLog] [info] iteration = 300 | max rel diff. = 0.0346896
[2018-03-07 11:56:53.760] [jointLog] [info] iteration = 400 | max rel diff. = 0.0272854
[2018-03-07 11:56:55.610] [jointLog] [info] iteration = 500 | max rel diff. = 0.0239995
[2018-03-07 11:56:57.490] [jointLog] [info] iteration = 600 | max rel diff. = 0.020692
[2018-03-07 11:56:59.355] [jointLog] [info] iteration = 700 | max rel diff. = 0.0171282
[2018-03-07 11:57:01.303] [jointLog] [info] iteration = 800 | max rel diff. = 0.0138271
[2018-03-07 11:57:03.325] [jointLog] [info] iteration = 900 | max rel diff. = 0.012171
[2018-03-07 11:57:05.141] [jointLog] [info] iteration = 1000 | max rel diff. = 0.0122025
[2018-03-07 11:57:06.936] [jointLog] [info] iteration = 1100 | max rel diff. = 0.010921
[2018-03-07 11:57:08.880] [jointLog] [info] iteration = 1200 | max rel diff. = 0.0109211
[2018-03-07 11:57:10.676] [jointLog] [info] iteration = 1300 | max rel diff. = 0.0100966
[2018-03-07 11:57:11.101] [jointLog] [info] iteration = 1323 | max rel diff. = 0.00873137
[2018-03-07 11:57:11.217] [jointLog] [info] Finished optimizer
[2018-03-07 11:57:11.217] [jointLog] [info] writing output 

