[2019-07-21 17:49:35.119] [jointLog] [info] Fragment incompatibility prior below threshold.  Incompatible fragments will be ignored.
[2019-07-21 17:49:35.119] [jointLog] [info] Usage of --validateMappings implies use of minScoreFraction. Since not explicitly specified, it is being set to 0.65
[2019-07-21 17:49:35.119] [jointLog] [info] Usage of --validateMappings, without --hardFilter implies use of range factorization. rangeFactorizationBins is being set to 4
[2019-07-21 17:49:35.119] [jointLog] [info] Usage of --validateMappings implies a default consensus slack of 0.2. Setting consensusSlack to 0.2.
[2019-07-21 17:49:35.119] [jointLog] [info] parsing read library format
[2019-07-21 17:49:35.119] [jointLog] [info] There is 1 library.
[2019-07-21 17:49:35.183] [jointLog] [info] Loading Quasi index
[2019-07-21 17:49:35.184] [jointLog] [info] Loading 32-bit quasi index
[2019-07-21 17:49:46.390] [jointLog] [info] done
[2019-07-21 17:49:46.390] [jointLog] [info] Index contained 320,734 targets
[2019-07-21 17:50:32.796] [fileLog] [info] 
At end of round 0
==================
Observed 13557447 total fragments (13557447 in most recent round)

[2019-07-21 17:50:32.795] [jointLog] [info] Computed 410,574 rich equivalence classes for further processing
[2019-07-21 17:50:32.795] [jointLog] [info] Counted 11,623,875 total reads in the equivalence classes 
[2019-07-21 17:50:32.824] [jointLog] [warning] 0.00103264% of fragments were shorter than the k used to build the index (31).
If this fraction is too large, consider re-building the index with a smaller k.
The minimum read size found was 25.


[2019-07-21 17:50:32.824] [jointLog] [info] Number of mappings discarded because of alignment score : 502,717
[2019-07-21 17:50:32.824] [jointLog] [info] Number of fragments entirely discarded because of alignment score : 498,838
[2019-07-21 17:50:32.824] [jointLog] [info] Number of fragments discarded because they are best-mapped to decoys : 0
[2019-07-21 17:50:32.824] [jointLog] [info] Number of fragments discarded because they have only dovetail (discordant) mappings : 87,520
[2019-07-21 17:50:32.824] [jointLog] [info] Mapping rate = 85.7379%

[2019-07-21 17:50:32.824] [jointLog] [info] finished quantifyLibrary()
[2019-07-21 17:50:32.826] [jointLog] [info] Starting optimizer
[2019-07-21 17:50:32.955] [jointLog] [info] Marked 0 weighted equivalence classes as degenerate
[2019-07-21 17:50:32.966] [jointLog] [info] iteration = 0 | max rel diff. = 2745.35
[2019-07-21 17:50:34.066] [jointLog] [info] iteration = 100 | max rel diff. = 17.7146
[2019-07-21 17:50:35.141] [jointLog] [info] iteration = 200 | max rel diff. = 12.3081
[2019-07-21 17:50:36.206] [jointLog] [info] iteration = 300 | max rel diff. = 8.22753
[2019-07-21 17:50:37.273] [jointLog] [info] iteration = 400 | max rel diff. = 1.31157
[2019-07-21 17:50:38.339] [jointLog] [info] iteration = 500 | max rel diff. = 1.69677
[2019-07-21 17:50:39.403] [jointLog] [info] iteration = 600 | max rel diff. = 1.29155
[2019-07-21 17:50:40.468] [jointLog] [info] iteration = 700 | max rel diff. = 0.886881
[2019-07-21 17:50:41.535] [jointLog] [info] iteration = 800 | max rel diff. = 0.899219
[2019-07-21 17:50:42.608] [jointLog] [info] iteration = 900 | max rel diff. = 0.403742
[2019-07-21 17:50:43.673] [jointLog] [info] iteration = 1,000 | max rel diff. = 0.433119
[2019-07-21 17:50:44.738] [jointLog] [info] iteration = 1,100 | max rel diff. = 9.10274
[2019-07-21 17:50:45.793] [jointLog] [info] iteration = 1,200 | max rel diff. = 1.5125
[2019-07-21 17:50:46.847] [jointLog] [info] iteration = 1,300 | max rel diff. = 0.210861
[2019-07-21 17:50:47.902] [jointLog] [info] iteration = 1,400 | max rel diff. = 0.154114
[2019-07-21 17:50:48.957] [jointLog] [info] iteration = 1,500 | max rel diff. = 0.0135324
[2019-07-21 17:50:50.012] [jointLog] [info] iteration = 1,600 | max rel diff. = 0.0357875
[2019-07-21 17:50:51.066] [jointLog] [info] iteration = 1,700 | max rel diff. = 0.488318
[2019-07-21 17:50:52.120] [jointLog] [info] iteration = 1,800 | max rel diff. = 1.34882
[2019-07-21 17:50:53.175] [jointLog] [info] iteration = 1,900 | max rel diff. = 0.791313
[2019-07-21 17:50:53.683] [jointLog] [info] iteration = 1,949 | max rel diff. = 0.00568404
[2019-07-21 17:50:53.691] [jointLog] [info] Finished optimizer
[2019-07-21 17:50:53.691] [jointLog] [info] writing output 

[2019-07-21 17:50:54.197] [jointLog] [warning] NOTE: Read Lib [[ /pylon5/bi5fpmp/ljcohen/kfish_trimmed/F_diaphanus_FW_3.trim_1P.fq, /pylon5/bi5fpmp/ljcohen/kfish_trimmed/F_diaphanus_FW_3.trim_2P.fq]] :

Detected a *potential* strand bias > 1% in an unstranded protocol check the file: F_diaphanus_FW_3.quant/lib_format_counts.json for details

