[2019-07-21 17:47:06.121] [jointLog] [info] Fragment incompatibility prior below threshold.  Incompatible fragments will be ignored.
[2019-07-21 17:47:06.121] [jointLog] [info] Usage of --validateMappings implies use of minScoreFraction. Since not explicitly specified, it is being set to 0.65
[2019-07-21 17:47:06.121] [jointLog] [info] Usage of --validateMappings, without --hardFilter implies use of range factorization. rangeFactorizationBins is being set to 4
[2019-07-21 17:47:06.121] [jointLog] [info] Usage of --validateMappings implies a default consensus slack of 0.2. Setting consensusSlack to 0.2.
[2019-07-21 17:47:06.121] [jointLog] [info] parsing read library format
[2019-07-21 17:47:06.121] [jointLog] [info] There is 1 library.
[2019-07-21 17:47:06.182] [jointLog] [info] Loading Quasi index
[2019-07-21 17:47:06.183] [jointLog] [info] Loading 32-bit quasi index
[2019-07-21 17:47:18.361] [jointLog] [info] done
[2019-07-21 17:47:18.361] [jointLog] [info] Index contained 325,956 targets
[2019-07-21 17:48:15.435] [jointLog] [info] Computed 448,936 rich equivalence classes for further processing
[2019-07-21 17:48:15.435] [jointLog] [info] Counted 13,370,579 total reads in the equivalence classes 
[2019-07-21 17:48:15.462] [jointLog] [warning] 0.000464406% of fragments were shorter than the k used to build the index (31).
If this fraction is too large, consider re-building the index with a smaller k.
The minimum read size found was 25.


[2019-07-21 17:48:15.462] [jointLog] [info] Number of mappings discarded because of alignment score : 696,602
[2019-07-21 17:48:15.462] [jointLog] [info] Number of fragments entirely discarded because of alignment score : 675,918
[2019-07-21 17:48:15.462] [jointLog] [info] Number of fragments discarded because they are best-mapped to decoys : 0
[2019-07-21 17:48:15.462] [jointLog] [info] Number of fragments discarded because they have only dovetail (discordant) mappings : 111,979
[2019-07-21 17:48:15.462] [jointLog] [info] Mapping rate = 86.2413%

[2019-07-21 17:48:15.462] [jointLog] [info] finished quantifyLibrary()
[2019-07-21 17:48:15.465] [jointLog] [info] Starting optimizer
[2019-07-21 17:48:15.603] [jointLog] [info] Marked 0 weighted equivalence classes as degenerate
[2019-07-21 17:48:15.616] [jointLog] [info] iteration = 0 | max rel diff. = 2966.45
[2019-07-21 17:48:15.436] [fileLog] [info] 
At end of round 0
==================
Observed 15503682 total fragments (15503682 in most recent round)

[2019-07-21 17:48:16.792] [jointLog] [info] iteration = 100 | max rel diff. = 16.3845
[2019-07-21 17:48:17.958] [jointLog] [info] iteration = 200 | max rel diff. = 10.9729
[2019-07-21 17:48:19.133] [jointLog] [info] iteration = 300 | max rel diff. = 12.0382
[2019-07-21 17:48:20.309] [jointLog] [info] iteration = 400 | max rel diff. = 12.7819
[2019-07-21 17:48:21.484] [jointLog] [info] iteration = 500 | max rel diff. = 8.5367
[2019-07-21 17:48:22.659] [jointLog] [info] iteration = 600 | max rel diff. = 1.09476
[2019-07-21 17:48:23.835] [jointLog] [info] iteration = 700 | max rel diff. = 2.06863
[2019-07-21 17:48:25.010] [jointLog] [info] iteration = 800 | max rel diff. = 1.924
[2019-07-21 17:48:26.185] [jointLog] [info] iteration = 900 | max rel diff. = 0.612566
[2019-07-21 17:48:27.360] [jointLog] [info] iteration = 1,000 | max rel diff. = 0.197141
[2019-07-21 17:48:28.535] [jointLog] [info] iteration = 1,100 | max rel diff. = 0.0966401
[2019-07-21 17:48:29.710] [jointLog] [info] iteration = 1,200 | max rel diff. = 0.139165
[2019-07-21 17:48:30.886] [jointLog] [info] iteration = 1,300 | max rel diff. = 0.809928
[2019-07-21 17:48:32.053] [jointLog] [info] iteration = 1,400 | max rel diff. = 0.322226
[2019-07-21 17:48:33.225] [jointLog] [info] iteration = 1,500 | max rel diff. = 0.679357
[2019-07-21 17:48:34.400] [jointLog] [info] iteration = 1,600 | max rel diff. = 0.293049
[2019-07-21 17:48:35.575] [jointLog] [info] iteration = 1,700 | max rel diff. = 0.0554301
[2019-07-21 17:48:36.751] [jointLog] [info] iteration = 1,800 | max rel diff. = 0.0868923
[2019-07-21 17:48:37.927] [jointLog] [info] iteration = 1,900 | max rel diff. = 0.320552
[2019-07-21 17:48:39.101] [jointLog] [info] iteration = 2,000 | max rel diff. = 0.112543
[2019-07-21 17:48:40.276] [jointLog] [info] iteration = 2,100 | max rel diff. = 0.180156
[2019-07-21 17:48:41.450] [jointLog] [info] iteration = 2,200 | max rel diff. = 0.151114
[2019-07-21 17:48:42.623] [jointLog] [info] iteration = 2,300 | max rel diff. = 0.0277641
[2019-07-21 17:48:43.799] [jointLog] [info] iteration = 2,400 | max rel diff. = 0.035143
[2019-07-21 17:48:44.973] [jointLog] [info] iteration = 2,500 | max rel diff. = 0.603341
[2019-07-21 17:48:46.147] [jointLog] [info] iteration = 2,600 | max rel diff. = 0.0308135
[2019-07-21 17:48:47.322] [jointLog] [info] iteration = 2,700 | max rel diff. = 0.186986
[2019-07-21 17:48:47.404] [jointLog] [info] iteration = 2,708 | max rel diff. = 0.0098448
[2019-07-21 17:48:47.411] [jointLog] [info] Finished optimizer
[2019-07-21 17:48:47.411] [jointLog] [info] writing output 

[2019-07-21 17:48:47.936] [jointLog] [warning] NOTE: Read Lib [[ /pylon5/bi5fpmp/ljcohen/kfish_trimmed/F_catanatus_BW_2.trim_1P.fq, /pylon5/bi5fpmp/ljcohen/kfish_trimmed/F_catanatus_BW_2.trim_2P.fq]] :

Detected a *potential* strand bias > 1% in an unstranded protocol check the file: F_catanatus_BW_2.quant/lib_format_counts.json for details

