[2018-03-07 11:51:27.714] [jointLog] [info] parsing read library format
[2018-03-07 11:51:27.714] [jointLog] [info] There is 1 library.
[2018-03-07 11:51:27.899] [jointLog] [info] Loading Quasi index
[2018-03-07 11:51:27.923] [jointLog] [info] Loading 32-bit quasi index
[2018-03-07 11:51:35.624] [jointLog] [info] done
[2018-03-07 11:51:35.624] [jointLog] [info] Index contained 350264 targets
[2018-03-07 11:53:16.083] [fileLog] [info] 
At end of round 0
==================
Observed 6785468 total fragments (6785468 in most recent round)

[2018-03-07 11:53:16.082] [jointLog] [info] Computed 247431 rich equivalence classes for further processing
[2018-03-07 11:53:16.082] [jointLog] [info] Counted 5804698 total reads in the equivalence classes 
[2018-03-07 11:53:16.098] [jointLog] [warning] 0.001459% of fragments were shorter than the k used to build the index (31).
If this fraction is too large, consider re-building the index with a smaller k.
The minimum read size found was 25.


[2018-03-07 11:53:16.098] [jointLog] [info] Mapping rate = 85.546%

[2018-03-07 11:53:16.098] [jointLog] [info] finished quantifyLibrary()
[2018-03-07 11:53:16.161] [jointLog] [info] Starting optimizer
[2018-03-07 11:53:16.443] [jointLog] [info] Marked 0 weighted equivalence classes as degenerate
[2018-03-07 11:53:16.452] [jointLog] [info] iteration = 0 | max rel diff. = 16.696
[2018-03-07 11:53:17.327] [jointLog] [info] iteration = 100 | max rel diff. = 0.108507
[2018-03-07 11:53:18.216] [jointLog] [info] iteration = 200 | max rel diff. = 0.0722387
[2018-03-07 11:53:19.155] [jointLog] [info] iteration = 300 | max rel diff. = 0.0456555
[2018-03-07 11:53:20.037] [jointLog] [info] iteration = 400 | max rel diff. = 0.028863
[2018-03-07 11:53:20.903] [jointLog] [info] iteration = 500 | max rel diff. = 0.0311518
[2018-03-07 11:53:21.745] [jointLog] [info] iteration = 600 | max rel diff. = 0.0306017
[2018-03-07 11:53:22.610] [jointLog] [info] iteration = 700 | max rel diff. = 0.0176613
[2018-03-07 11:53:23.451] [jointLog] [info] iteration = 800 | max rel diff. = 0.0152882
[2018-03-07 11:53:24.353] [jointLog] [info] iteration = 900 | max rel diff. = 0.012347
[2018-03-07 11:53:25.232] [jointLog] [info] iteration = 1000 | max rel diff. = 0.0123471
[2018-03-07 11:53:26.147] [jointLog] [info] iteration = 1100 | max rel diff. = 0.0132506
[2018-03-07 11:53:27.113] [jointLog] [info] iteration = 1200 | max rel diff. = 0.0118161
[2018-03-07 11:53:27.783] [jointLog] [info] iteration = 1266 | max rel diff. = 0.00997143
[2018-03-07 11:53:27.828] [jointLog] [info] Finished optimizer
[2018-03-07 11:53:27.828] [jointLog] [info] writing output 

