[2018-03-07 11:48:19.783] [jointLog] [info] parsing read library format
[2018-03-07 11:48:19.783] [jointLog] [info] There is 1 library.
[2018-03-07 11:48:19.941] [jointLog] [info] Loading Quasi index
[2018-03-07 11:48:19.942] [jointLog] [info] Loading 32-bit quasi index
[2018-03-07 11:48:31.616] [jointLog] [info] done
[2018-03-07 11:48:31.616] [jointLog] [info] Index contained 809057 targets
[2018-03-07 11:51:31.318] [fileLog] [info] 
At end of round 0
==================
Observed 10644072 total fragments (10644072 in most recent round)

[2018-03-07 11:51:31.318] [jointLog] [info] Computed 413458 rich equivalence classes for further processing
[2018-03-07 11:51:31.318] [jointLog] [info] Counted 8203384 total reads in the equivalence classes 
[2018-03-07 11:51:31.353] [jointLog] [warning] 0.0011086% of fragments were shorter than the k used to build the index (31).
If this fraction is too large, consider re-building the index with a smaller k.
The minimum read size found was 25.


[2018-03-07 11:51:31.353] [jointLog] [info] Mapping rate = 77.07%

[2018-03-07 11:51:31.353] [jointLog] [info] finished quantifyLibrary()
[2018-03-07 11:51:31.353] [jointLog] [info] Starting optimizer
[2018-03-07 11:51:31.757] [jointLog] [info] Marked 0 weighted equivalence classes as degenerate
[2018-03-07 11:51:31.771] [jointLog] [info] iteration = 0 | max rel diff. = 6.05178
[2018-03-07 11:51:33.282] [jointLog] [info] iteration = 100 | max rel diff. = 0.0970924
[2018-03-07 11:51:34.805] [jointLog] [info] iteration = 200 | max rel diff. = 0.0526275
[2018-03-07 11:51:36.317] [jointLog] [info] iteration = 300 | max rel diff. = 0.0377726
[2018-03-07 11:51:37.821] [jointLog] [info] iteration = 400 | max rel diff. = 0.0313271
[2018-03-07 11:51:39.357] [jointLog] [info] iteration = 500 | max rel diff. = 0.0228981
[2018-03-07 11:51:40.864] [jointLog] [info] iteration = 600 | max rel diff. = 0.0191305
[2018-03-07 11:51:42.401] [jointLog] [info] iteration = 700 | max rel diff. = 0.016728
[2018-03-07 11:51:43.963] [jointLog] [info] iteration = 800 | max rel diff. = 0.0156724
[2018-03-07 11:51:45.546] [jointLog] [info] iteration = 900 | max rel diff. = 0.0134306
[2018-03-07 11:51:47.083] [jointLog] [info] iteration = 1000 | max rel diff. = 0.0218169
[2018-03-07 11:51:48.682] [jointLog] [info] iteration = 1100 | max rel diff. = 0.0113303
[2018-03-07 11:51:50.257] [jointLog] [info] iteration = 1200 | max rel diff. = 0.0105032
[2018-03-07 11:51:51.351] [jointLog] [info] iteration = 1265 | max rel diff. = 0.00962708
[2018-03-07 11:51:51.456] [jointLog] [info] Finished optimizer
[2018-03-07 11:51:51.456] [jointLog] [info] writing output 

