[2018-02-28 11:22:50.607] [jointLog] [info] parsing read library format
[2018-02-28 11:22:50.607] [jointLog] [info] There is 1 library.
[2018-02-28 11:26:18.448] [jointLog] [info] parsing read library format
[2018-02-28 11:26:18.448] [jointLog] [info] There is 1 library.
[2018-02-28 11:26:18.541] [jointLog] [info] Loading Quasi index
[2018-02-28 11:35:58.481] [jointLog] [info] parsing read library format
[2018-02-28 11:35:58.481] [jointLog] [info] There is 1 library.
[2018-02-28 11:52:20.584] [jointLog] [info] parsing read library format
[2018-02-28 11:52:20.584] [jointLog] [info] There is 1 library.
[2018-02-28 11:52:20.677] [jointLog] [info] Loading Quasi index
[2018-02-28 11:52:20.678] [jointLog] [info] Loading 32-bit quasi index
[2018-02-28 11:52:25.497] [jointLog] [info] done
[2018-02-28 11:52:25.497] [jointLog] [info] Index contained 109997 targets
[2018-02-28 11:57:42.509] [jointLog] [info] Computed 260105 rich equivalence classes for further processing
[2018-02-28 11:57:42.509] [jointLog] [info] Counted 11685225 total reads in the equivalence classes 
[2018-02-28 11:57:42.522] [jointLog] [warning] 0.000669176% of fragments were shorter than the k used to build the index (31).
If this fraction is too large, consider re-building the index with a smaller k.
The minimum read size found was 25.


[2018-02-28 11:57:42.522] [jointLog] [info] Mapping rate = 60.616%

[2018-02-28 11:57:42.522] [jointLog] [info] finished quantifyLibrary()
[2018-02-28 11:57:42.523] [jointLog] [info] Starting optimizer
[2018-02-28 11:57:42.509] [fileLog] [info] 
At end of round 0
==================
Observed 19277445 total fragments (19277445 in most recent round)

[2018-02-28 11:57:44.724] [jointLog] [info] Marked 0 weighted equivalence classes as degenerate
[2018-02-28 11:57:44.731] [jointLog] [info] iteration = 0 | max rel diff. = 104.41
[2018-02-28 11:57:45.300] [jointLog] [info] iteration = 100 | max rel diff. = 0.0976676
[2018-02-28 11:57:45.864] [jointLog] [info] iteration = 200 | max rel diff. = 0.0478543
[2018-02-28 11:57:46.430] [jointLog] [info] iteration = 300 | max rel diff. = 0.0326295
[2018-02-28 11:57:46.999] [jointLog] [info] iteration = 400 | max rel diff. = 0.0237652
[2018-02-28 11:57:47.567] [jointLog] [info] iteration = 500 | max rel diff. = 0.0195939
[2018-02-28 11:57:48.137] [jointLog] [info] iteration = 600 | max rel diff. = 0.0162496
[2018-02-28 11:57:48.706] [jointLog] [info] iteration = 700 | max rel diff. = 0.015391
[2018-02-28 11:57:49.274] [jointLog] [info] iteration = 800 | max rel diff. = 0.0113741
[2018-02-28 11:57:49.847] [jointLog] [info] iteration = 900 | max rel diff. = 0.01032
[2018-02-28 11:57:50.086] [jointLog] [info] iteration = 943 | max rel diff. = 0.00940966
[2018-02-28 11:57:50.101] [jointLog] [info] Finished optimizer
[2018-02-28 11:57:50.101] [jointLog] [info] writing output 

