[2018-02-28 11:22:53.743] [jointLog] [info] parsing read library format
[2018-02-28 11:22:53.743] [jointLog] [info] There is 1 library.
[2018-02-28 11:26:19.521] [jointLog] [info] parsing read library format
[2018-02-28 11:26:19.521] [jointLog] [info] There is 1 library.
[2018-02-28 11:26:19.630] [jointLog] [info] Loading Quasi index
[2018-02-28 11:35:58.841] [jointLog] [info] parsing read library format
[2018-02-28 11:35:58.841] [jointLog] [info] There is 1 library.
[2018-02-28 12:10:22.255] [jointLog] [info] parsing read library format
[2018-02-28 12:10:22.255] [jointLog] [info] There is 1 library.
[2018-02-28 12:10:22.355] [jointLog] [info] Loading Quasi index
[2018-02-28 12:10:22.355] [jointLog] [info] Loading 32-bit quasi index
[2018-02-28 12:10:27.341] [jointLog] [info] done
[2018-02-28 12:10:27.341] [jointLog] [info] Index contained 109997 targets
[2018-02-28 12:22:36.959] [jointLog] [info] Computed 286201 rich equivalence classes for further processing
[2018-02-28 12:22:36.959] [jointLog] [info] Counted 30675397 total reads in the equivalence classes 
[2018-02-28 12:22:36.987] [jointLog] [warning] 0.000273843% of fragments were shorter than the k used to build the index (31).
If this fraction is too large, consider re-building the index with a smaller k.
The minimum read size found was 25.


[2018-02-28 12:22:36.987] [jointLog] [info] Mapping rate = 67.2019%

[2018-02-28 12:22:36.987] [jointLog] [info] finished quantifyLibrary()
[2018-02-28 12:22:36.988] [jointLog] [info] Starting optimizer
[2018-02-28 12:22:36.960] [fileLog] [info] 
At end of round 0
==================
Observed 45646643 total fragments (45646643 in most recent round)

[2018-02-28 12:22:37.089] [jointLog] [info] Marked 2 weighted equivalence classes as degenerate
[2018-02-28 12:22:37.097] [jointLog] [info] iteration = 0 | max rel diff. = 9.0362
[2018-02-28 12:22:37.724] [jointLog] [info] iteration = 100 | max rel diff. = 0.0991091
[2018-02-28 12:22:38.340] [jointLog] [info] iteration = 200 | max rel diff. = 0.0491785
[2018-02-28 12:22:38.955] [jointLog] [info] iteration = 300 | max rel diff. = 0.0303195
[2018-02-28 12:22:39.576] [jointLog] [info] iteration = 400 | max rel diff. = 0.0235992
[2018-02-28 12:22:40.194] [jointLog] [info] iteration = 500 | max rel diff. = 0.0198425
[2018-02-28 12:22:40.810] [jointLog] [info] iteration = 600 | max rel diff. = 0.0172582
[2018-02-28 12:22:41.424] [jointLog] [info] iteration = 700 | max rel diff. = 0.0172091
[2018-02-28 12:22:42.040] [jointLog] [info] iteration = 800 | max rel diff. = 0.012672
[2018-02-28 12:22:42.655] [jointLog] [info] iteration = 900 | max rel diff. = 0.01011
[2018-02-28 12:22:42.909] [jointLog] [info] iteration = 942 | max rel diff. = 0.00970509
[2018-02-28 12:22:42.924] [jointLog] [info] Finished optimizer
[2018-02-28 12:22:42.924] [jointLog] [info] writing output 

