[2018-03-07 11:22:22.758] [jointLog] [info] parsing read library format
[2018-03-07 11:22:22.758] [jointLog] [info] There is 1 library.
[2018-03-07 11:22:22.803] [jointLog] [info] Loading Quasi index
[2018-03-07 11:22:22.804] [jointLog] [info] Loading 32-bit quasi index
[2018-03-07 11:22:30.279] [jointLog] [info] done
[2018-03-07 11:22:30.279] [jointLog] [info] Index contained 266977 targets
[2018-03-07 11:28:37.529] [jointLog] [info] Computed 271873 rich equivalence classes for further processing
[2018-03-07 11:28:37.529] [jointLog] [info] Counted 12569441 total reads in the equivalence classes 
[2018-03-07 11:28:37.548] [jointLog] [warning] 0.00121249% of fragments were shorter than the k used to build the index (31).
If this fraction is too large, consider re-building the index with a smaller k.
The minimum read size found was 25.


[2018-03-07 11:28:37.548] [jointLog] [info] Mapping rate = 85.6196%

[2018-03-07 11:28:37.548] [jointLog] [info] finished quantifyLibrary()
[2018-03-07 11:28:37.549] [jointLog] [info] Starting optimizer
[2018-03-07 11:28:37.530] [fileLog] [info] 
At end of round 0
==================
Observed 14680567 total fragments (14680567 in most recent round)

[2018-03-07 11:28:37.766] [jointLog] [info] Marked 0 weighted equivalence classes as degenerate
[2018-03-07 11:28:37.775] [jointLog] [info] iteration = 0 | max rel diff. = 33.9034
[2018-03-07 11:28:38.666] [jointLog] [info] iteration = 100 | max rel diff. = 0.135566
[2018-03-07 11:28:39.575] [jointLog] [info] iteration = 200 | max rel diff. = 0.0611446
[2018-03-07 11:28:40.501] [jointLog] [info] iteration = 300 | max rel diff. = 0.0343403
[2018-03-07 11:28:41.416] [jointLog] [info] iteration = 400 | max rel diff. = 0.0311059
[2018-03-07 11:28:42.326] [jointLog] [info] iteration = 500 | max rel diff. = 0.023389
[2018-03-07 11:28:43.245] [jointLog] [info] iteration = 600 | max rel diff. = 0.0204107
[2018-03-07 11:28:44.190] [jointLog] [info] iteration = 700 | max rel diff. = 0.0165005
[2018-03-07 11:28:45.096] [jointLog] [info] iteration = 800 | max rel diff. = 0.0147616
[2018-03-07 11:28:46.024] [jointLog] [info] iteration = 900 | max rel diff. = 0.0119038
[2018-03-07 11:28:46.938] [jointLog] [info] iteration = 1000 | max rel diff. = 0.0130852
[2018-03-07 11:28:47.881] [jointLog] [info] iteration = 1100 | max rel diff. = 0.0104948
[2018-03-07 11:28:47.890] [jointLog] [info] iteration = 1102 | max rel diff. = 0.00968321
[2018-03-07 11:28:47.920] [jointLog] [info] Finished optimizer
[2018-03-07 11:28:47.920] [jointLog] [info] writing output 

