[2018-03-07 11:04:59.575] [jointLog] [info] parsing read library format
[2018-03-07 11:04:59.577] [jointLog] [info] There is 1 library.
[2018-03-07 11:04:59.779] [jointLog] [info] Loading Quasi index
[2018-03-07 11:04:59.780] [jointLog] [info] Loading 32-bit quasi index
[2018-03-07 11:05:04.188] [jointLog] [info] done
[2018-03-07 11:05:04.188] [jointLog] [info] Index contained 159768 targets
[2018-03-07 11:09:42.283] [jointLog] [info] Computed 186599 rich equivalence classes for further processing
[2018-03-07 11:09:42.283] [jointLog] [info] Counted 9839577 total reads in the equivalence classes 
[2018-03-07 11:09:42.311] [jointLog] [warning] 0.000179174% of fragments were shorter than the k used to build the index (31).
If this fraction is too large, consider re-building the index with a smaller k.
The minimum read size found was 25.


[2018-03-07 11:09:42.311] [jointLog] [info] Mapping rate = 88.15%

[2018-03-07 11:09:42.311] [jointLog] [info] finished quantifyLibrary()
[2018-03-07 11:09:42.381] [jointLog] [info] Starting optimizer
[2018-03-07 11:09:42.284] [fileLog] [info] 
At end of round 0
==================
Observed 11162313 total fragments (11162313 in most recent round)

[2018-03-07 11:09:42.854] [jointLog] [info] Marked 0 weighted equivalence classes as degenerate
[2018-03-07 11:09:42.858] [jointLog] [info] iteration = 0 | max rel diff. = 48.5979
[2018-03-07 11:09:43.272] [jointLog] [info] iteration = 100 | max rel diff. = 0.103211
[2018-03-07 11:09:43.705] [jointLog] [info] iteration = 200 | max rel diff. = 0.0510883
[2018-03-07 11:09:44.128] [jointLog] [info] iteration = 300 | max rel diff. = 0.0377204
[2018-03-07 11:09:44.528] [jointLog] [info] iteration = 400 | max rel diff. = 0.0269267
[2018-03-07 11:09:44.936] [jointLog] [info] iteration = 500 | max rel diff. = 0.0245406
[2018-03-07 11:09:45.341] [jointLog] [info] iteration = 600 | max rel diff. = 0.0198107
[2018-03-07 11:09:45.729] [jointLog] [info] iteration = 700 | max rel diff. = 0.0173441
[2018-03-07 11:09:46.122] [jointLog] [info] iteration = 800 | max rel diff. = 0.0159978
[2018-03-07 11:09:46.523] [jointLog] [info] iteration = 900 | max rel diff. = 0.0133783
[2018-03-07 11:09:46.933] [jointLog] [info] iteration = 1000 | max rel diff. = 0.0123436
[2018-03-07 11:09:47.351] [jointLog] [info] iteration = 1100 | max rel diff. = 0.0123436
[2018-03-07 11:09:47.787] [jointLog] [info] iteration = 1200 | max rel diff. = 0.0123436
[2018-03-07 11:09:47.818] [jointLog] [info] iteration = 1209 | max rel diff. = 0.00920476
[2018-03-07 11:09:47.837] [jointLog] [info] Finished optimizer
[2018-03-07 11:09:47.837] [jointLog] [info] writing output 

