[2018-02-28 11:22:54.044] [jointLog] [info] parsing read library format
[2018-02-28 11:22:54.044] [jointLog] [info] There is 1 library.
[2018-02-28 11:26:18.150] [jointLog] [info] parsing read library format
[2018-02-28 11:26:18.151] [jointLog] [info] There is 1 library.
[2018-02-28 11:26:18.258] [jointLog] [info] Loading Quasi index
[2018-02-28 11:37:36.586] [jointLog] [info] parsing read library format
[2018-02-28 11:37:36.586] [jointLog] [info] There is 1 library.
[2018-02-28 11:37:36.694] [jointLog] [info] Loading Quasi index
[2018-02-28 11:37:36.695] [jointLog] [info] Loading 32-bit quasi index
[2018-02-28 11:38:15.935] [jointLog] [info] done
[2018-02-28 11:38:15.935] [jointLog] [info] Index contained 109997 targets
[2018-02-28 11:48:00.916] [jointLog] [info] Computed 227755 rich equivalence classes for further processing
[2018-02-28 11:48:00.916] [jointLog] [info] Counted 19107700 total reads in the equivalence classes 
[2018-02-28 11:48:00.952] [jointLog] [warning] 0.000734457% of fragments were shorter than the k used to build the index (31).
If this fraction is too large, consider re-building the index with a smaller k.
The minimum read size found was 25.


[2018-02-28 11:48:00.952] [jointLog] [info] Mapping rate = 59.7182%

[2018-02-28 11:48:00.952] [jointLog] [info] finished quantifyLibrary()
[2018-02-28 11:48:00.953] [jointLog] [info] Starting optimizer
[2018-02-28 11:48:00.917] [fileLog] [info] 
At end of round 0
==================
Observed 31996438 total fragments (31996438 in most recent round)

[2018-02-28 11:48:02.309] [jointLog] [info] Marked 0 weighted equivalence classes as degenerate
[2018-02-28 11:48:02.316] [jointLog] [info] iteration = 0 | max rel diff. = 112.067
[2018-02-28 11:48:03.025] [jointLog] [info] iteration = 100 | max rel diff. = 0.101499
[2018-02-28 11:48:03.771] [jointLog] [info] iteration = 200 | max rel diff. = 0.0518046
[2018-02-28 11:48:04.551] [jointLog] [info] iteration = 300 | max rel diff. = 0.0416029
[2018-02-28 11:48:05.338] [jointLog] [info] iteration = 400 | max rel diff. = 0.0253112
[2018-02-28 11:48:06.136] [jointLog] [info] iteration = 500 | max rel diff. = 0.0244395
[2018-02-28 11:48:06.910] [jointLog] [info] iteration = 600 | max rel diff. = 0.0183691
[2018-02-28 11:48:07.687] [jointLog] [info] iteration = 700 | max rel diff. = 0.0168567
[2018-02-28 11:48:08.418] [jointLog] [info] iteration = 800 | max rel diff. = 0.0125228
[2018-02-28 11:48:09.190] [jointLog] [info] iteration = 900 | max rel diff. = 0.0125229
[2018-02-28 11:48:09.929] [jointLog] [info] iteration = 1000 | max rel diff. = 0.0106569
[2018-02-28 11:48:10.696] [jointLog] [info] iteration = 1100 | max rel diff. = 0.0101506
[2018-02-28 11:48:11.117] [jointLog] [info] iteration = 1159 | max rel diff. = 0.00964052
[2018-02-28 11:48:11.147] [jointLog] [info] Finished optimizer
[2018-02-28 11:48:11.147] [jointLog] [info] writing output 

