[2018-02-28 11:22:50.660] [jointLog] [info] parsing read library format
[2018-02-28 11:22:50.660] [jointLog] [info] There is 1 library.
[2018-02-28 11:26:18.648] [jointLog] [info] parsing read library format
[2018-02-28 11:26:18.648] [jointLog] [info] There is 1 library.
[2018-02-28 11:26:18.753] [jointLog] [info] Loading Quasi index
[2018-02-28 11:35:58.597] [jointLog] [info] parsing read library format
[2018-02-28 11:35:58.597] [jointLog] [info] There is 1 library.
[2018-02-28 12:13:35.548] [jointLog] [info] parsing read library format
[2018-02-28 12:13:35.548] [jointLog] [info] There is 1 library.
[2018-02-28 12:13:35.632] [jointLog] [info] Loading Quasi index
[2018-02-28 12:13:35.632] [jointLog] [info] Loading 32-bit quasi index
[2018-02-28 12:13:40.545] [jointLog] [info] done
[2018-02-28 12:13:40.545] [jointLog] [info] Index contained 109997 targets
[2018-02-28 12:17:28.679] [jointLog] [info] Computed 202436 rich equivalence classes for further processing
[2018-02-28 12:17:28.679] [jointLog] [info] Counted 7178409 total reads in the equivalence classes 
[2018-02-28 12:17:28.689] [jointLog] [warning] 0.000356863% of fragments were shorter than the k used to build the index (31).
If this fraction is too large, consider re-building the index with a smaller k.
The minimum read size found was 25.


[2018-02-28 12:17:28.689] [jointLog] [info] Mapping rate = 55.6894%

[2018-02-28 12:17:28.689] [jointLog] [info] finished quantifyLibrary()
[2018-02-28 12:17:28.689] [jointLog] [info] Starting optimizer
[2018-02-28 12:17:28.781] [jointLog] [info] Marked 0 weighted equivalence classes as degenerate
[2018-02-28 12:17:28.786] [jointLog] [info] iteration = 0 | max rel diff. = 92.2949
[2018-02-28 12:17:28.680] [fileLog] [info] 
At end of round 0
==================
Observed 12890089 total fragments (12890089 in most recent round)

[2018-02-28 12:17:29.248] [jointLog] [info] iteration = 100 | max rel diff. = 0.101183
[2018-02-28 12:17:29.714] [jointLog] [info] iteration = 200 | max rel diff. = 0.0451094
[2018-02-28 12:17:30.184] [jointLog] [info] iteration = 300 | max rel diff. = 0.0378746
[2018-02-28 12:17:30.648] [jointLog] [info] iteration = 400 | max rel diff. = 0.0246518
[2018-02-28 12:17:31.114] [jointLog] [info] iteration = 500 | max rel diff. = 0.0184206
[2018-02-28 12:17:31.593] [jointLog] [info] iteration = 600 | max rel diff. = 0.0158706
[2018-02-28 12:17:32.061] [jointLog] [info] iteration = 700 | max rel diff. = 0.0126611
[2018-02-28 12:17:32.532] [jointLog] [info] iteration = 800 | max rel diff. = 0.0122661
[2018-02-28 12:17:33.006] [jointLog] [info] iteration = 900 | max rel diff. = 0.0105068
[2018-02-28 12:17:33.257] [jointLog] [info] iteration = 954 | max rel diff. = 0.00993108
[2018-02-28 12:17:33.269] [jointLog] [info] Finished optimizer
[2018-02-28 12:17:33.269] [jointLog] [info] writing output 

