[2018-03-07 11:10:36.465] [jointLog] [info] parsing read library format
[2018-03-07 11:10:36.465] [jointLog] [info] There is 1 library.
[2018-03-07 11:10:36.644] [jointLog] [info] Loading Quasi index
[2018-03-07 11:10:36.644] [jointLog] [info] Loading 32-bit quasi index
[2018-03-07 11:10:44.625] [jointLog] [info] done
[2018-03-07 11:10:44.625] [jointLog] [info] Index contained 350264 targets
[2018-03-07 11:19:38.596] [fileLog] [info] 
At end of round 0
==================
Observed 11678006 total fragments (11678006 in most recent round)

[2018-03-07 11:19:38.596] [jointLog] [info] Computed 311214 rich equivalence classes for further processing
[2018-03-07 11:19:38.596] [jointLog] [info] Counted 9930168 total reads in the equivalence classes 
[2018-03-07 11:19:38.619] [jointLog] [warning] 0.000488097% of fragments were shorter than the k used to build the index (31).
If this fraction is too large, consider re-building the index with a smaller k.
The minimum read size found was 25.


[2018-03-07 11:19:38.619] [jointLog] [info] Mapping rate = 85.0331%

[2018-03-07 11:19:38.619] [jointLog] [info] finished quantifyLibrary()
[2018-03-07 11:19:38.655] [jointLog] [info] Starting optimizer
[2018-03-07 11:19:39.317] [jointLog] [info] Marked 0 weighted equivalence classes as degenerate
[2018-03-07 11:19:39.327] [jointLog] [info] iteration = 0 | max rel diff. = 18.4379
[2018-03-07 11:19:40.272] [jointLog] [info] iteration = 100 | max rel diff. = 0.107886
[2018-03-07 11:19:41.233] [jointLog] [info] iteration = 200 | max rel diff. = 0.0638963
[2018-03-07 11:19:42.311] [jointLog] [info] iteration = 300 | max rel diff. = 0.0508023
[2018-03-07 11:19:43.332] [jointLog] [info] iteration = 400 | max rel diff. = 0.0379768
[2018-03-07 11:19:44.366] [jointLog] [info] iteration = 500 | max rel diff. = 0.036937
[2018-03-07 11:19:45.461] [jointLog] [info] iteration = 600 | max rel diff. = 0.0216164
[2018-03-07 11:19:46.406] [jointLog] [info] iteration = 700 | max rel diff. = 0.0306276
[2018-03-07 11:19:47.349] [jointLog] [info] iteration = 800 | max rel diff. = 0.022163
[2018-03-07 11:19:48.382] [jointLog] [info] iteration = 900 | max rel diff. = 0.0155931
[2018-03-07 11:19:49.411] [jointLog] [info] iteration = 1000 | max rel diff. = 0.0125336
[2018-03-07 11:19:50.369] [jointLog] [info] iteration = 1100 | max rel diff. = 0.0121999
[2018-03-07 11:19:51.360] [jointLog] [info] iteration = 1200 | max rel diff. = 0.0118996
[2018-03-07 11:19:52.114] [jointLog] [info] iteration = 1280 | max rel diff. = 0.00964686
[2018-03-07 11:19:52.158] [jointLog] [info] Finished optimizer
[2018-03-07 11:19:52.158] [jointLog] [info] writing output 

