[2018-02-28 11:22:54.420] [jointLog] [info] parsing read library format
[2018-02-28 11:22:54.420] [jointLog] [info] There is 1 library.
[2018-02-28 11:26:19.322] [jointLog] [info] parsing read library format
[2018-02-28 11:26:19.323] [jointLog] [info] There is 1 library.
[2018-02-28 11:26:19.426] [jointLog] [info] Loading Quasi index
[2018-02-28 11:35:58.792] [jointLog] [info] parsing read library format
[2018-02-28 11:35:58.792] [jointLog] [info] There is 1 library.
[2018-02-28 12:15:05.073] [jointLog] [info] parsing read library format
[2018-02-28 12:15:05.073] [jointLog] [info] There is 1 library.
[2018-02-28 12:15:05.178] [jointLog] [info] Loading Quasi index
[2018-02-28 12:15:05.178] [jointLog] [info] Loading 32-bit quasi index
[2018-02-28 12:15:12.270] [jointLog] [info] done
[2018-02-28 12:15:12.270] [jointLog] [info] Index contained 109997 targets
[2018-02-28 12:23:15.064] [jointLog] [info] Computed 231416 rich equivalence classes for further processing
[2018-02-28 12:23:15.064] [jointLog] [info] Counted 19818985 total reads in the equivalence classes 
[2018-02-28 12:23:15.092] [jointLog] [warning] 0.00195603% of fragments were shorter than the k used to build the index (31).
If this fraction is too large, consider re-building the index with a smaller k.
The minimum read size found was 25.


[2018-02-28 12:23:15.092] [jointLog] [info] Mapping rate = 59.3668%

[2018-02-28 12:23:15.092] [jointLog] [info] finished quantifyLibrary()
[2018-02-28 12:23:15.093] [jointLog] [info] Starting optimizer
[2018-02-28 12:23:15.064] [fileLog] [info] 
At end of round 0
==================
Observed 33383973 total fragments (33383973 in most recent round)

[2018-02-28 12:23:17.963] [jointLog] [info] Marked 0 weighted equivalence classes as degenerate
[2018-02-28 12:23:17.969] [jointLog] [info] iteration = 0 | max rel diff. = 112.616
[2018-02-28 12:23:18.640] [jointLog] [info] iteration = 100 | max rel diff. = 0.110492
[2018-02-28 12:23:19.331] [jointLog] [info] iteration = 200 | max rel diff. = 0.0516006
[2018-02-28 12:23:20.008] [jointLog] [info] iteration = 300 | max rel diff. = 0.035998
[2018-02-28 12:23:20.689] [jointLog] [info] iteration = 400 | max rel diff. = 0.0281064
[2018-02-28 12:23:21.368] [jointLog] [info] iteration = 500 | max rel diff. = 0.0234462
[2018-02-28 12:23:22.063] [jointLog] [info] iteration = 600 | max rel diff. = 0.0212273
[2018-02-28 12:23:22.743] [jointLog] [info] iteration = 700 | max rel diff. = 0.0165726
[2018-02-28 12:23:23.423] [jointLog] [info] iteration = 800 | max rel diff. = 0.0123073
[2018-02-28 12:23:24.108] [jointLog] [info] iteration = 900 | max rel diff. = 0.0122593
[2018-02-28 12:23:24.808] [jointLog] [info] iteration = 1000 | max rel diff. = 0.0111681
[2018-02-28 12:23:25.106] [jointLog] [info] iteration = 1045 | max rel diff. = 0.00994618
[2018-02-28 12:23:25.127] [jointLog] [info] Finished optimizer
[2018-02-28 12:23:25.127] [jointLog] [info] writing output 

