[2018-03-07 11:34:17.443] [jointLog] [info] parsing read library format
[2018-03-07 11:34:17.443] [jointLog] [info] There is 1 library.
[2018-03-07 11:34:17.519] [jointLog] [info] Loading Quasi index
[2018-03-07 11:34:17.520] [jointLog] [info] Loading 32-bit quasi index
[2018-03-07 11:34:25.039] [jointLog] [info] done
[2018-03-07 11:34:25.039] [jointLog] [info] Index contained 352342 targets
[2018-03-07 11:38:56.342] [jointLog] [info] Computed 312914 rich equivalence classes for further processing
[2018-03-07 11:38:56.342] [jointLog] [info] Counted 16128755 total reads in the equivalence classes 
[2018-03-07 11:38:56.377] [jointLog] [warning] 0.000462551% of fragments were shorter than the k used to build the index (31).
If this fraction is too large, consider re-building the index with a smaller k.
The minimum read size found was 25.


[2018-03-07 11:38:56.377] [jointLog] [info] Mapping rate = 88.8139%

[2018-03-07 11:38:56.377] [jointLog] [info] finished quantifyLibrary()
[2018-03-07 11:38:56.378] [jointLog] [info] Starting optimizer
[2018-03-07 11:38:56.342] [fileLog] [info] 
At end of round 0
==================
Observed 18160177 total fragments (18160177 in most recent round)

[2018-03-07 11:38:56.566] [jointLog] [info] Marked 0 weighted equivalence classes as degenerate
[2018-03-07 11:38:56.575] [jointLog] [info] iteration = 0 | max rel diff. = 26.1154
[2018-03-07 11:38:57.469] [jointLog] [info] iteration = 100 | max rel diff. = 0.12842
[2018-03-07 11:38:58.372] [jointLog] [info] iteration = 200 | max rel diff. = 0.0612564
[2018-03-07 11:38:59.377] [jointLog] [info] iteration = 300 | max rel diff. = 0.0447014
[2018-03-07 11:39:00.428] [jointLog] [info] iteration = 400 | max rel diff. = 0.04113
[2018-03-07 11:39:01.451] [jointLog] [info] iteration = 500 | max rel diff. = 0.0308283
[2018-03-07 11:39:02.386] [jointLog] [info] iteration = 600 | max rel diff. = 0.0279444
[2018-03-07 11:39:03.421] [jointLog] [info] iteration = 700 | max rel diff. = 0.0175646
[2018-03-07 11:39:04.353] [jointLog] [info] iteration = 800 | max rel diff. = 0.0165584
[2018-03-07 11:39:05.261] [jointLog] [info] iteration = 900 | max rel diff. = 0.0391181
[2018-03-07 11:39:06.187] [jointLog] [info] iteration = 1000 | max rel diff. = 0.0161643
[2018-03-07 11:39:07.170] [jointLog] [info] iteration = 1100 | max rel diff. = 0.0121176
[2018-03-07 11:39:08.089] [jointLog] [info] iteration = 1200 | max rel diff. = 0.011333
[2018-03-07 11:39:09.086] [jointLog] [info] iteration = 1300 | max rel diff. = 0.0119743
[2018-03-07 11:39:10.006] [jointLog] [info] iteration = 1400 | max rel diff. = 0.0130656
[2018-03-07 11:39:10.722] [jointLog] [info] iteration = 1480 | max rel diff. = 0.00907691
[2018-03-07 11:39:10.766] [jointLog] [info] Finished optimizer
[2018-03-07 11:39:10.766] [jointLog] [info] writing output 

