[2018-03-07 11:29:05.625] [jointLog] [info] parsing read library format
[2018-03-07 11:29:05.625] [jointLog] [info] There is 1 library.
[2018-03-07 11:29:05.740] [jointLog] [info] Loading Quasi index
[2018-03-07 11:29:05.742] [jointLog] [info] Loading 32-bit quasi index
[2018-03-07 11:29:14.951] [jointLog] [info] done
[2018-03-07 11:29:14.951] [jointLog] [info] Index contained 520315 targets
[2018-03-07 11:40:32.927] [jointLog] [info] Computed 386109 rich equivalence classes for further processing
[2018-03-07 11:40:32.927] [jointLog] [info] Counted 8624062 total reads in the equivalence classes 
[2018-03-07 11:40:32.954] [jointLog] [warning] 0.000931709% of fragments were shorter than the k used to build the index (31).
If this fraction is too large, consider re-building the index with a smaller k.
The minimum read size found was 25.


[2018-03-07 11:40:32.954] [jointLog] [info] Mapping rate = 80.3511%

[2018-03-07 11:40:32.954] [jointLog] [info] finished quantifyLibrary()
[2018-03-07 11:40:32.928] [fileLog] [info] 
At end of round 0
==================
Observed 10732969 total fragments (10732969 in most recent round)

[2018-03-07 11:40:33.089] [jointLog] [info] Starting optimizer
[2018-03-07 11:40:33.536] [jointLog] [info] Marked 0 weighted equivalence classes as degenerate
[2018-03-07 11:40:33.548] [jointLog] [info] iteration = 0 | max rel diff. = 14.6899
[2018-03-07 11:40:34.723] [jointLog] [info] iteration = 100 | max rel diff. = 0.121628
[2018-03-07 11:40:35.928] [jointLog] [info] iteration = 200 | max rel diff. = 0.0480281
[2018-03-07 11:40:37.129] [jointLog] [info] iteration = 300 | max rel diff. = 0.0369333
[2018-03-07 11:40:38.339] [jointLog] [info] iteration = 400 | max rel diff. = 0.0403804
[2018-03-07 11:40:39.550] [jointLog] [info] iteration = 500 | max rel diff. = 0.0209659
[2018-03-07 11:40:40.756] [jointLog] [info] iteration = 600 | max rel diff. = 0.0209134
[2018-03-07 11:40:41.975] [jointLog] [info] iteration = 700 | max rel diff. = 0.0209018
[2018-03-07 11:40:43.218] [jointLog] [info] iteration = 800 | max rel diff. = 0.0128837
[2018-03-07 11:40:44.418] [jointLog] [info] iteration = 900 | max rel diff. = 0.013641
[2018-03-07 11:40:45.666] [jointLog] [info] iteration = 1000 | max rel diff. = 0.0109345
[2018-03-07 11:40:46.871] [jointLog] [info] iteration = 1100 | max rel diff. = 0.0103566
[2018-03-07 11:40:46.943] [jointLog] [info] iteration = 1107 | max rel diff. = 0.00991971
[2018-03-07 11:40:47.009] [jointLog] [info] Finished optimizer
[2018-03-07 11:40:47.010] [jointLog] [info] writing output 

