[2018-02-28 11:22:50.954] [jointLog] [info] parsing read library format
[2018-02-28 11:22:50.954] [jointLog] [info] There is 1 library.
[2018-02-28 11:26:19.396] [jointLog] [info] parsing read library format
[2018-02-28 11:26:19.396] [jointLog] [info] There is 1 library.
[2018-02-28 11:26:19.494] [jointLog] [info] Loading Quasi index
[2018-02-28 11:35:58.829] [jointLog] [info] parsing read library format
[2018-02-28 11:35:58.829] [jointLog] [info] There is 1 library.
[2018-02-28 12:31:52.904] [jointLog] [info] parsing read library format
[2018-02-28 12:31:52.904] [jointLog] [info] There is 1 library.
[2018-02-28 12:31:52.992] [jointLog] [info] Loading Quasi index
[2018-02-28 12:31:52.993] [jointLog] [info] Loading 32-bit quasi index
[2018-02-28 12:31:58.299] [jointLog] [info] done
[2018-02-28 12:31:58.299] [jointLog] [info] Index contained 109997 targets
[2018-02-28 12:34:51.434] [jointLog] [info] Computed 220562 rich equivalence classes for further processing
[2018-02-28 12:34:51.434] [jointLog] [info] Counted 11076800 total reads in the equivalence classes 
[2018-02-28 12:34:51.454] [jointLog] [warning] 0.000882285% of fragments were shorter than the k used to build the index (31).
If this fraction is too large, consider re-building the index with a smaller k.
The minimum read size found was 25.


[2018-02-28 12:34:51.454] [jointLog] [info] Mapping rate = 55.5278%

[2018-02-28 12:34:51.454] [jointLog] [info] finished quantifyLibrary()
[2018-02-28 12:34:51.455] [jointLog] [info] Starting optimizer
[2018-02-28 12:34:51.540] [jointLog] [info] Marked 0 weighted equivalence classes as degenerate
[2018-02-28 12:34:51.545] [jointLog] [info] iteration = 0 | max rel diff. = 111.659
[2018-02-28 12:34:51.434] [fileLog] [info] 
At end of round 0
==================
Observed 19948212 total fragments (19948212 in most recent round)

[2018-02-28 12:34:52.061] [jointLog] [info] iteration = 100 | max rel diff. = 0.101196
[2018-02-28 12:34:52.575] [jointLog] [info] iteration = 200 | max rel diff. = 0.0481398
[2018-02-28 12:34:53.082] [jointLog] [info] iteration = 300 | max rel diff. = 0.0337805
[2018-02-28 12:34:53.591] [jointLog] [info] iteration = 400 | max rel diff. = 0.0260002
[2018-02-28 12:34:54.099] [jointLog] [info] iteration = 500 | max rel diff. = 0.0207489
[2018-02-28 12:34:54.606] [jointLog] [info] iteration = 600 | max rel diff. = 0.0171631
[2018-02-28 12:34:55.111] [jointLog] [info] iteration = 700 | max rel diff. = 0.0138002
[2018-02-28 12:34:55.620] [jointLog] [info] iteration = 800 | max rel diff. = 0.0120823
[2018-02-28 12:34:56.128] [jointLog] [info] iteration = 900 | max rel diff. = 0.0100563
[2018-02-28 12:34:56.230] [jointLog] [info] iteration = 921 | max rel diff. = 0.00964162
[2018-02-28 12:34:56.246] [jointLog] [info] Finished optimizer
[2018-02-28 12:34:56.246] [jointLog] [info] writing output 

