[2019-07-21 17:55:18.713] [jointLog] [info] Fragment incompatibility prior below threshold.  Incompatible fragments will be ignored.
[2019-07-21 17:55:18.713] [jointLog] [info] Usage of --validateMappings implies use of minScoreFraction. Since not explicitly specified, it is being set to 0.65
[2019-07-21 17:55:18.713] [jointLog] [info] Usage of --validateMappings, without --hardFilter implies use of range factorization. rangeFactorizationBins is being set to 4
[2019-07-21 17:55:18.713] [jointLog] [info] Usage of --validateMappings implies a default consensus slack of 0.2. Setting consensusSlack to 0.2.
[2019-07-21 17:55:18.713] [jointLog] [info] parsing read library format
[2019-07-21 17:55:18.714] [jointLog] [info] There is 1 library.
[2019-07-21 17:55:18.772] [jointLog] [info] Loading Quasi index
[2019-07-21 17:55:18.773] [jointLog] [info] Loading 32-bit quasi index
[2019-07-21 17:55:29.769] [jointLog] [info] done
[2019-07-21 17:55:29.769] [jointLog] [info] Index contained 320,120 targets
[2019-07-21 17:56:04.128] [jointLog] [info] Computed 382,782 rich equivalence classes for further processing
[2019-07-21 17:56:04.128] [jointLog] [info] Counted 5,929,247 total reads in the equivalence classes 
[2019-07-21 17:56:04.158] [jointLog] [warning] 0.000915945% of fragments were shorter than the k used to build the index (31).
If this fraction is too large, consider re-building the index with a smaller k.
The minimum read size found was 25.


[2019-07-21 17:56:04.158] [jointLog] [info] Number of mappings discarded because of alignment score : 1,179,183
[2019-07-21 17:56:04.158] [jointLog] [info] Number of fragments entirely discarded because of alignment score : 276,016
[2019-07-21 17:56:04.158] [jointLog] [info] Number of fragments discarded because they are best-mapped to decoys : 0
[2019-07-21 17:56:04.158] [jointLog] [info] Number of fragments discarded because they have only dovetail (discordant) mappings : 78,239
[2019-07-21 17:56:04.158] [jointLog] [info] Mapping rate = 84.8573%

[2019-07-21 17:56:04.158] [jointLog] [info] finished quantifyLibrary()
[2019-07-21 17:56:04.160] [jointLog] [info] Starting optimizer
[2019-07-21 17:56:04.297] [jointLog] [info] Marked 0 weighted equivalence classes as degenerate
[2019-07-21 17:56:04.311] [jointLog] [info] iteration = 0 | max rel diff. = 1621.03
[2019-07-21 17:56:04.129] [fileLog] [info] 
At end of round 0
==================
Observed 6987318 total fragments (6987318 in most recent round)

[2019-07-21 17:56:05.502] [jointLog] [info] iteration = 100 | max rel diff. = 17.5182
[2019-07-21 17:56:06.683] [jointLog] [info] iteration = 200 | max rel diff. = 15.3029
[2019-07-21 17:56:07.863] [jointLog] [info] iteration = 300 | max rel diff. = 4.55782
[2019-07-21 17:56:09.045] [jointLog] [info] iteration = 400 | max rel diff. = 5.09097
[2019-07-21 17:56:10.226] [jointLog] [info] iteration = 500 | max rel diff. = 5.31085
[2019-07-21 17:56:11.405] [jointLog] [info] iteration = 600 | max rel diff. = 10.2526
[2019-07-21 17:56:12.590] [jointLog] [info] iteration = 700 | max rel diff. = 0.137942
[2019-07-21 17:56:13.772] [jointLog] [info] iteration = 800 | max rel diff. = 0.167135
[2019-07-21 17:56:14.952] [jointLog] [info] iteration = 900 | max rel diff. = 0.700705
[2019-07-21 17:56:16.133] [jointLog] [info] iteration = 1,000 | max rel diff. = 0.222564
[2019-07-21 17:56:17.314] [jointLog] [info] iteration = 1,100 | max rel diff. = 4.67485
[2019-07-21 17:56:18.493] [jointLog] [info] iteration = 1,200 | max rel diff. = 0.278789
[2019-07-21 17:56:19.674] [jointLog] [info] iteration = 1,300 | max rel diff. = 0.0294122
[2019-07-21 17:56:20.860] [jointLog] [info] iteration = 1,400 | max rel diff. = 0.0536042
[2019-07-21 17:56:22.040] [jointLog] [info] iteration = 1,500 | max rel diff. = 0.442023
[2019-07-21 17:56:23.219] [jointLog] [info] iteration = 1,600 | max rel diff. = 0.0609558
[2019-07-21 17:56:24.129] [jointLog] [info] iteration = 1,678 | max rel diff. = 0.00944313
[2019-07-21 17:56:24.136] [jointLog] [info] Finished optimizer
[2019-07-21 17:56:24.136] [jointLog] [info] writing output 

[2019-07-21 17:56:24.642] [jointLog] [warning] NOTE: Read Lib [[ /pylon5/bi5fpmp/ljcohen/kfish_trimmed/L_goodei_FW_2.trim_1P.fq, /pylon5/bi5fpmp/ljcohen/kfish_trimmed/L_goodei_FW_2.trim_2P.fq]] :

Detected a *potential* strand bias > 1% in an unstranded protocol check the file: L_goodei_FW_2.quant/lib_format_counts.json for details

