[2018-03-07 12:08:53.914] [jointLog] [info] parsing read library format
[2018-03-07 12:08:53.914] [jointLog] [info] There is 1 library.
[2018-03-07 12:08:54.005] [jointLog] [info] Loading Quasi index
[2018-03-07 12:08:54.005] [jointLog] [info] Loading 32-bit quasi index
[2018-03-07 12:09:02.790] [jointLog] [info] done
[2018-03-07 12:09:02.790] [jointLog] [info] Index contained 416296 targets
[2018-03-07 12:11:10.277] [fileLog] [info] 
At end of round 0
==================
Observed 14363008 total fragments (14363008 in most recent round)

[2018-03-07 12:11:10.276] [jointLog] [info] Computed 299753 rich equivalence classes for further processing
[2018-03-07 12:11:10.276] [jointLog] [info] Counted 12238079 total reads in the equivalence classes 
[2018-03-07 12:11:10.436] [jointLog] [warning] 0.00029938% of fragments were shorter than the k used to build the index (31).
If this fraction is too large, consider re-building the index with a smaller k.
The minimum read size found was 25.


[2018-03-07 12:11:10.436] [jointLog] [info] Mapping rate = 85.2055%

[2018-03-07 12:11:10.436] [jointLog] [info] finished quantifyLibrary()
[2018-03-07 12:11:10.437] [jointLog] [info] Starting optimizer
[2018-03-07 12:11:10.710] [jointLog] [info] Marked 0 weighted equivalence classes as degenerate
[2018-03-07 12:11:10.791] [jointLog] [info] iteration = 0 | max rel diff. = 15.8289
[2018-03-07 12:11:12.226] [jointLog] [info] iteration = 100 | max rel diff. = 0.125158
[2018-03-07 12:11:13.669] [jointLog] [info] iteration = 200 | max rel diff. = 0.0583448
[2018-03-07 12:11:15.208] [jointLog] [info] iteration = 300 | max rel diff. = 0.0401214
[2018-03-07 12:11:16.550] [jointLog] [info] iteration = 400 | max rel diff. = 0.0308554
[2018-03-07 12:11:18.101] [jointLog] [info] iteration = 500 | max rel diff. = 0.0259
[2018-03-07 12:11:19.671] [jointLog] [info] iteration = 600 | max rel diff. = 0.0212711
[2018-03-07 12:11:21.083] [jointLog] [info] iteration = 700 | max rel diff. = 0.0195326
[2018-03-07 12:11:22.626] [jointLog] [info] iteration = 800 | max rel diff. = 0.0168191
[2018-03-07 12:11:24.207] [jointLog] [info] iteration = 900 | max rel diff. = 0.0146937
[2018-03-07 12:11:25.891] [jointLog] [info] iteration = 1000 | max rel diff. = 0.0131218
[2018-03-07 12:11:27.342] [jointLog] [info] iteration = 1100 | max rel diff. = 0.0116487
[2018-03-07 12:11:29.055] [jointLog] [info] iteration = 1200 | max rel diff. = 0.0114416
[2018-03-07 12:11:29.158] [jointLog] [info] iteration = 1207 | max rel diff. = 0.00990052
[2018-03-07 12:11:29.273] [jointLog] [info] Finished optimizer
[2018-03-07 12:11:29.273] [jointLog] [info] writing output 

