[2018-03-07 11:11:44.288] [jointLog] [info] parsing read library format
[2018-03-07 11:11:44.288] [jointLog] [info] There is 1 library.
[2018-03-07 11:11:44.465] [jointLog] [info] Loading Quasi index
[2018-03-07 11:11:44.466] [jointLog] [info] Loading 32-bit quasi index
[2018-03-07 11:11:52.093] [jointLog] [info] done
[2018-03-07 11:11:52.093] [jointLog] [info] Index contained 384216 targets
[2018-03-07 11:21:39.198] [jointLog] [info] Computed 274689 rich equivalence classes for further processing
[2018-03-07 11:21:39.198] [jointLog] [info] Counted 7553835 total reads in the equivalence classes 
[2018-03-07 11:21:39.255] [fileLog] [info] 
At end of round 0
==================
Observed 9254609 total fragments (9254609 in most recent round)

[2018-03-07 11:21:39.283] [jointLog] [warning] 0.00123182% of fragments were shorter than the k used to build the index (31).
If this fraction is too large, consider re-building the index with a smaller k.
The minimum read size found was 25.


[2018-03-07 11:21:39.283] [jointLog] [info] Mapping rate = 81.6224%

[2018-03-07 11:21:39.283] [jointLog] [info] finished quantifyLibrary()
[2018-03-07 11:21:39.343] [jointLog] [info] Starting optimizer
[2018-03-07 11:21:41.764] [jointLog] [info] Marked 0 weighted equivalence classes as degenerate
[2018-03-07 11:21:41.773] [jointLog] [info] iteration = 0 | max rel diff. = 13.0835
[2018-03-07 11:21:42.645] [jointLog] [info] iteration = 100 | max rel diff. = 0.119479
[2018-03-07 11:21:43.504] [jointLog] [info] iteration = 200 | max rel diff. = 0.0871358
[2018-03-07 11:21:44.369] [jointLog] [info] iteration = 300 | max rel diff. = 0.042243
[2018-03-07 11:21:45.250] [jointLog] [info] iteration = 400 | max rel diff. = 0.0291563
[2018-03-07 11:21:46.120] [jointLog] [info] iteration = 500 | max rel diff. = 0.0263272
[2018-03-07 11:21:47.055] [jointLog] [info] iteration = 600 | max rel diff. = 0.0198011
[2018-03-07 11:21:47.956] [jointLog] [info] iteration = 700 | max rel diff. = 0.0187817
[2018-03-07 11:21:48.852] [jointLog] [info] iteration = 800 | max rel diff. = 0.0176298
[2018-03-07 11:21:49.735] [jointLog] [info] iteration = 900 | max rel diff. = 0.0156918
[2018-03-07 11:21:50.635] [jointLog] [info] iteration = 1000 | max rel diff. = 0.0157407
[2018-03-07 11:21:51.228] [jointLog] [info] iteration = 1057 | max rel diff. = 0.00964921
[2018-03-07 11:21:51.288] [jointLog] [info] Finished optimizer
[2018-03-07 11:21:51.288] [jointLog] [info] writing output 

