[2019-07-21 17:57:44.338] [jointLog] [info] Fragment incompatibility prior below threshold.  Incompatible fragments will be ignored.
[2019-07-21 17:57:44.338] [jointLog] [info] Usage of --validateMappings implies use of minScoreFraction. Since not explicitly specified, it is being set to 0.65
[2019-07-21 17:57:44.338] [jointLog] [info] Usage of --validateMappings, without --hardFilter implies use of range factorization. rangeFactorizationBins is being set to 4
[2019-07-21 17:57:44.338] [jointLog] [info] Usage of --validateMappings implies a default consensus slack of 0.2. Setting consensusSlack to 0.2.
[2019-07-21 17:57:44.338] [jointLog] [info] parsing read library format
[2019-07-21 17:57:44.338] [jointLog] [info] There is 1 library.
[2019-07-21 17:57:44.395] [jointLog] [info] Loading Quasi index
[2019-07-21 17:57:44.396] [jointLog] [info] Loading 32-bit quasi index
[2019-07-21 17:57:57.022] [jointLog] [info] done
[2019-07-21 17:57:57.022] [jointLog] [info] Index contained 343,128 targets
[2019-07-21 18:00:05.681] [jointLog] [info] Computed 648,387 rich equivalence classes for further processing
[2019-07-21 18:00:05.681] [jointLog] [info] Counted 28,808,900 total reads in the equivalence classes 
[2019-07-21 18:00:05.710] [jointLog] [warning] 0.00195603% of fragments were shorter than the k used to build the index (31).
If this fraction is too large, consider re-building the index with a smaller k.
The minimum read size found was 25.


[2019-07-21 18:00:05.710] [jointLog] [info] Number of mappings discarded because of alignment score : 1,959,139
[2019-07-21 18:00:05.710] [jointLog] [info] Number of fragments entirely discarded because of alignment score : 1,220,254
[2019-07-21 18:00:05.710] [jointLog] [info] Number of fragments discarded because they are best-mapped to decoys : 0
[2019-07-21 18:00:05.710] [jointLog] [info] Number of fragments discarded because they have only dovetail (discordant) mappings : 279,034
[2019-07-21 18:00:05.710] [jointLog] [info] Mapping rate = 86.2956%

[2019-07-21 18:00:05.710] [jointLog] [info] finished quantifyLibrary()
[2019-07-21 18:00:05.711] [jointLog] [info] Starting optimizer
[2019-07-21 18:00:05.906] [jointLog] [info] Marked 0 weighted equivalence classes as degenerate
[2019-07-21 18:00:05.923] [jointLog] [info] iteration = 0 | max rel diff. = 3505.99
[2019-07-21 18:00:05.681] [fileLog] [info] 
At end of round 0
==================
Observed 33383973 total fragments (33383973 in most recent round)

[2019-07-21 18:00:07.440] [jointLog] [info] iteration = 100 | max rel diff. = 18.187
[2019-07-21 18:00:08.955] [jointLog] [info] iteration = 200 | max rel diff. = 14.5765
[2019-07-21 18:00:10.465] [jointLog] [info] iteration = 300 | max rel diff. = 8.95142
[2019-07-21 18:00:11.979] [jointLog] [info] iteration = 400 | max rel diff. = 4.5391
[2019-07-21 18:00:13.491] [jointLog] [info] iteration = 500 | max rel diff. = 2.39002
[2019-07-21 18:00:15.003] [jointLog] [info] iteration = 600 | max rel diff. = 16.928
[2019-07-21 18:00:16.517] [jointLog] [info] iteration = 700 | max rel diff. = 1.60906
[2019-07-21 18:00:18.032] [jointLog] [info] iteration = 800 | max rel diff. = 1.64837
[2019-07-21 18:00:19.541] [jointLog] [info] iteration = 900 | max rel diff. = 0.567222
[2019-07-21 18:00:21.044] [jointLog] [info] iteration = 1,000 | max rel diff. = 0.0998572
[2019-07-21 18:00:22.546] [jointLog] [info] iteration = 1,100 | max rel diff. = 0.328553
[2019-07-21 18:00:24.047] [jointLog] [info] iteration = 1,200 | max rel diff. = 0.807136
[2019-07-21 18:00:25.550] [jointLog] [info] iteration = 1,300 | max rel diff. = 2.14987
[2019-07-21 18:00:27.051] [jointLog] [info] iteration = 1,400 | max rel diff. = 0.119633
[2019-07-21 18:00:28.554] [jointLog] [info] iteration = 1,500 | max rel diff. = 6.56259
[2019-07-21 18:00:30.056] [jointLog] [info] iteration = 1,600 | max rel diff. = 0.083759
[2019-07-21 18:00:31.569] [jointLog] [info] iteration = 1,700 | max rel diff. = 14.1643
[2019-07-21 18:00:33.082] [jointLog] [info] iteration = 1,800 | max rel diff. = 0.310786
[2019-07-21 18:00:34.597] [jointLog] [info] iteration = 1,900 | max rel diff. = 0.171601
[2019-07-21 18:00:36.109] [jointLog] [info] iteration = 2,000 | max rel diff. = 0.118521
[2019-07-21 18:00:37.623] [jointLog] [info] iteration = 2,100 | max rel diff. = 0.0400754
[2019-07-21 18:00:39.136] [jointLog] [info] iteration = 2,200 | max rel diff. = 0.0378894
[2019-07-21 18:00:40.649] [jointLog] [info] iteration = 2,300 | max rel diff. = 0.1095
[2019-07-21 18:00:42.161] [jointLog] [info] iteration = 2,400 | max rel diff. = 0.472665
[2019-07-21 18:00:43.672] [jointLog] [info] iteration = 2,500 | max rel diff. = 0.689453
[2019-07-21 18:00:45.185] [jointLog] [info] iteration = 2,600 | max rel diff. = 0.158102
[2019-07-21 18:00:45.881] [jointLog] [info] iteration = 2,647 | max rel diff. = 0.00993968
[2019-07-21 18:00:45.889] [jointLog] [info] Finished optimizer
[2019-07-21 18:00:45.889] [jointLog] [info] writing output 

[2019-07-21 18:00:46.445] [jointLog] [warning] NOTE: Read Lib [[ /pylon5/bi5fpmp/ljcohen/kfish_trimmed/F_notatus_transfer_1.trim_1P.fq, /pylon5/bi5fpmp/ljcohen/kfish_trimmed/F_notatus_transfer_1.trim_2P.fq]] :

Detected a *potential* strand bias > 1% in an unstranded protocol check the file: F_notatus_transfer_1.quant/lib_format_counts.json for details

