[2018-02-28 11:22:54.026] [jointLog] [info] parsing read library format
[2018-02-28 11:22:54.026] [jointLog] [info] There is 1 library.
[2018-02-28 11:26:18.356] [jointLog] [info] parsing read library format
[2018-02-28 11:26:18.356] [jointLog] [info] There is 1 library.
[2018-02-28 11:26:18.463] [jointLog] [info] Loading Quasi index
[2018-02-28 11:35:58.424] [jointLog] [info] parsing read library format
[2018-02-28 11:35:58.424] [jointLog] [info] There is 1 library.
[2018-02-28 11:42:32.510] [jointLog] [info] parsing read library format
[2018-02-28 11:42:32.510] [jointLog] [info] There is 1 library.
[2018-02-28 11:42:32.616] [jointLog] [info] Loading Quasi index
[2018-02-28 11:42:32.617] [jointLog] [info] Loading 32-bit quasi index
[2018-02-28 11:42:39.356] [jointLog] [info] done
[2018-02-28 11:42:39.356] [jointLog] [info] Index contained 109997 targets
[2018-02-28 11:49:02.875] [jointLog] [info] Computed 203392 rich equivalence classes for further processing
[2018-02-28 11:49:02.875] [jointLog] [info] Counted 13835385 total reads in the equivalence classes 
[2018-02-28 11:49:02.899] [jointLog] [warning] 0.000595299% of fragments were shorter than the k used to build the index (31).
If this fraction is too large, consider re-building the index with a smaller k.
The minimum read size found was 25.


[2018-02-28 11:49:02.899] [jointLog] [info] Mapping rate = 60.1182%

[2018-02-28 11:49:02.899] [jointLog] [info] finished quantifyLibrary()
[2018-02-28 11:49:02.900] [jointLog] [info] Starting optimizer
[2018-02-28 11:49:03.001] [jointLog] [info] Marked 0 weighted equivalence classes as degenerate
[2018-02-28 11:49:03.007] [jointLog] [info] iteration = 0 | max rel diff. = 98.3025
[2018-02-28 11:49:02.875] [fileLog] [info] 
At end of round 0
==================
Observed 23013650 total fragments (23013650 in most recent round)

[2018-02-28 11:49:03.688] [jointLog] [info] iteration = 100 | max rel diff. = 0.103477
[2018-02-28 11:49:04.373] [jointLog] [info] iteration = 200 | max rel diff. = 0.0508507
[2018-02-28 11:49:05.069] [jointLog] [info] iteration = 300 | max rel diff. = 0.037755
[2018-02-28 11:49:05.760] [jointLog] [info] iteration = 400 | max rel diff. = 0.0271575
[2018-02-28 11:49:06.456] [jointLog] [info] iteration = 500 | max rel diff. = 0.0209756
[2018-02-28 11:49:07.146] [jointLog] [info] iteration = 600 | max rel diff. = 0.0178638
[2018-02-28 11:49:07.839] [jointLog] [info] iteration = 700 | max rel diff. = 0.0176466
[2018-02-28 11:49:08.526] [jointLog] [info] iteration = 800 | max rel diff. = 0.013409
[2018-02-28 11:49:09.219] [jointLog] [info] iteration = 900 | max rel diff. = 0.0112999
[2018-02-28 11:49:09.907] [jointLog] [info] iteration = 1000 | max rel diff. = 0.0114995
[2018-02-28 11:49:10.603] [jointLog] [info] iteration = 1100 | max rel diff. = 0.0116537
[2018-02-28 11:49:10.809] [jointLog] [info] iteration = 1131 | max rel diff. = 0.00904614
[2018-02-28 11:49:10.840] [jointLog] [info] Finished optimizer
[2018-02-28 11:49:10.840] [jointLog] [info] writing output 

