[2018-02-28 11:22:51.133] [jointLog] [info] parsing read library format
[2018-02-28 11:22:51.133] [jointLog] [info] There is 1 library.
[2018-02-28 11:26:18.631] [jointLog] [info] parsing read library format
[2018-02-28 11:26:18.631] [jointLog] [info] There is 1 library.
[2018-02-28 11:26:18.677] [jointLog] [info] Loading Quasi index
[2018-02-28 11:35:58.663] [jointLog] [info] parsing read library format
[2018-02-28 11:35:58.663] [jointLog] [info] There is 1 library.
[2018-02-28 12:36:33.295] [jointLog] [info] parsing read library format
[2018-02-28 12:36:33.295] [jointLog] [info] There is 1 library.
[2018-02-28 12:36:33.381] [jointLog] [info] Loading Quasi index
[2018-02-28 12:36:33.381] [jointLog] [info] Loading 32-bit quasi index
[2018-02-28 12:36:38.353] [jointLog] [info] done
[2018-02-28 12:36:38.353] [jointLog] [info] Index contained 109997 targets
[2018-02-28 12:37:52.561] [jointLog] [info] Computed 180044 rich equivalence classes for further processing
[2018-02-28 12:37:52.561] [jointLog] [info] Counted 5013438 total reads in the equivalence classes 
[2018-02-28 12:37:52.573] [jointLog] [warning] 0.00124693% of fragments were shorter than the k used to build the index (31).
If this fraction is too large, consider re-building the index with a smaller k.
The minimum read size found was 25.


[2018-02-28 12:37:52.573] [jointLog] [info] Mapping rate = 48.8391%

[2018-02-28 12:37:52.573] [jointLog] [info] finished quantifyLibrary()
[2018-02-28 12:37:52.574] [jointLog] [info] Starting optimizer
[2018-02-28 12:37:52.662] [jointLog] [info] Marked 0 weighted equivalence classes as degenerate
[2018-02-28 12:37:52.668] [jointLog] [info] iteration = 0 | max rel diff. = 69.0598
[2018-02-28 12:37:52.562] [fileLog] [info] 
At end of round 0
==================
Observed 10265205 total fragments (10265205 in most recent round)

[2018-02-28 12:37:53.192] [jointLog] [info] iteration = 100 | max rel diff. = 0.1076
[2018-02-28 12:37:53.727] [jointLog] [info] iteration = 200 | max rel diff. = 0.0491258
[2018-02-28 12:37:54.259] [jointLog] [info] iteration = 300 | max rel diff. = 0.0330594
[2018-02-28 12:37:54.797] [jointLog] [info] iteration = 400 | max rel diff. = 0.0269426
[2018-02-28 12:37:55.334] [jointLog] [info] iteration = 500 | max rel diff. = 0.0213693
[2018-02-28 12:37:55.869] [jointLog] [info] iteration = 600 | max rel diff. = 0.0178048
[2018-02-28 12:37:56.402] [jointLog] [info] iteration = 700 | max rel diff. = 0.0138473
[2018-02-28 12:37:56.928] [jointLog] [info] iteration = 800 | max rel diff. = 0.0125407
[2018-02-28 12:37:57.441] [jointLog] [info] iteration = 900 | max rel diff. = 0.0111425
[2018-02-28 12:37:57.944] [jointLog] [info] iteration = 1000 | max rel diff. = 0.0108698
[2018-02-28 12:37:58.450] [jointLog] [info] iteration = 1100 | max rel diff. = 0.0104128
[2018-02-28 12:37:58.460] [jointLog] [info] iteration = 1103 | max rel diff. = 0.00869276
[2018-02-28 12:37:58.479] [jointLog] [info] Finished optimizer
[2018-02-28 12:37:58.479] [jointLog] [info] writing output 

